{"/Users/jaiveerkatariya/Developer/k8s-deploy/src/inputUtils.ts": {"path":"/Users/jaiveerkatariya/Developer/k8s-deploy/src/inputUtils.ts","statementMap":{"0":{"start":{"line":1,"column":0},"end":{"line":1,"column":37}},"1":{"start":{"line":2,"column":0},"end":{"line":2,"column":52}},"2":{"start":{"line":4,"column":13},"end":{"line":6,"column":null}},"3":{"start":{"line":9,"column":27},"end":{"line":10,"column":null}},"4":{"start":{"line":12,"column":3},"end":{"line":13,"column":null}},"5":{"start":{"line":13,"column":6},"end":{"line":13,"column":null}},"6":{"start":{"line":15,"column":3},"end":{"line":15,"column":null}},"7":{"start":{"line":8,"column":0},"end":{"line":8,"column":16}}},"fnMap":{"0":{"name":"getBufferTime","decl":{"start":{"line":8,"column":16},"end":{"line":8,"column":29}},"loc":{"start":{"line":8,"column":29},"end":{"line":16,"column":1}}}},"branchMap":{"0":{"loc":{"start":{"line":10,"column":6},"end":{"line":10,"column":51}},"type":"binary-expr","locations":[{"start":{"line":10,"column":6},"end":{"line":10,"column":44}},{"start":{"line":10,"column":48},"end":{"line":10,"column":51}}]},"1":{"loc":{"start":{"line":12,"column":3},"end":{"line":13,"column":null}},"type":"if","locations":[{"start":{"line":12,"column":3},"end":{"line":13,"column":null}}]},"2":{"loc":{"start":{"line":12,"column":7},"end":{"line":12,"column":51}},"type":"binary-expr","locations":[{"start":{"line":12,"column":7},"end":{"line":12,"column":26}},{"start":{"line":12,"column":30},"end":{"line":12,"column":51}}]}},"s":{"0":5,"1":5,"2":5,"3":3,"4":3,"5":0,"6":3,"7":5},"f":{"0":3},"b":{"0":[3,3],"1":[0],"2":[3,3]}}
,"/Users/jaiveerkatariya/Developer/k8s-deploy/src/strategyHelpers/blueGreen/blueGreenHelper.ts": {"path":"/Users/jaiveerkatariya/Developer/k8s-deploy/src/strategyHelpers/blueGreen/blueGreenHelper.ts","statementMap":{"0":{"start":{"line":1,"column":0},"end":{"line":1,"column":37}},"1":{"start":{"line":2,"column":0},"end":{"line":2,"column":24}},"2":{"start":{"line":3,"column":0},"end":{"line":3,"column":31}},"3":{"start":{"line":8,"column":0},"end":{"line":8,"column":null}},"4":{"start":{"line":18,"column":0},"end":{"line":18,"column":55}},"5":{"start":{"line":19,"column":0},"end":{"line":19,"column":71}},"6":{"start":{"line":20,"column":0},"end":{"line":20,"column":59}},"7":{"start":{"line":21,"column":0},"end":{"line":21,"column":null}},"8":{"start":{"line":27,"column":13},"end":{"line":27,"column":null}},"9":{"start":{"line":28,"column":13},"end":{"line":28,"column":null}},"10":{"start":{"line":29,"column":13},"end":{"line":29,"column":null}},"11":{"start":{"line":30,"column":13},"end":{"line":30,"column":null}},"12":{"start":{"line":31,"column":13},"end":{"line":31,"column":null}},"13":{"start":{"line":38,"column":48},"end":{"line":43,"column":5}},"14":{"start":{"line":39,"column":6},"end":{"line":42,"column":null}},"15":{"start":{"line":45,"column":3},"end":{"line":45,"column":null}},"16":{"start":{"line":47,"column":3},"end":{"line":47,"column":null}},"17":{"start":{"line":48,"column":3},"end":{"line":48,"column":null}},"18":{"start":{"line":33,"column":0},"end":{"line":33,"column":22}},"19":{"start":{"line":56,"column":3},"end":{"line":63,"column":null}},"20":{"start":{"line":57,"column":6},"end":{"line":62,"column":null}},"21":{"start":{"line":58,"column":24},"end":{"line":58,"column":78}},"22":{"start":{"line":59,"column":9},"end":{"line":59,"column":null}},"23":{"start":{"line":61,"column":9},"end":{"line":61,"column":null}},"24":{"start":{"line":51,"column":0},"end":{"line":51,"column":22}},"25":{"start":{"line":68,"column":45},"end":{"line":68,"column":47}},"26":{"start":{"line":69,"column":48},"end":{"line":69,"column":50}},"27":{"start":{"line":70,"column":50},"end":{"line":70,"column":52}},"28":{"start":{"line":71,"column":42},"end":{"line":71,"column":44}},"29":{"start":{"line":72,"column":42},"end":{"line":72,"column":44}},"30":{"start":{"line":73,"column":26},"end":{"line":73,"column":51}},"31":{"start":{"line":75,"column":3},"end":{"line":101,"column":null}},"32":{"start":{"line":76,"column":27},"end":{"line":76,"column":63}},"33":{"start":{"line":77,"column":6},"end":{"line":100,"column":null}},"34":{"start":{"line":78,"column":9},"end":{"line":99,"column":null}},"35":{"start":{"line":79,"column":25},"end":{"line":79,"column":41}},"36":{"start":{"line":80,"column":25},"end":{"line":80,"column":50}},"37":{"start":{"line":82,"column":12},"end":{"line":98,"column":null}},"38":{"start":{"line":83,"column":15},"end":{"line":83,"column":null}},"39":{"start":{"line":84,"column":19},"end":{"line":98,"column":null}},"40":{"start":{"line":85,"column":15},"end":{"line":93,"column":null}},"41":{"start":{"line":86,"column":18},"end":{"line":86,"column":null}},"42":{"start":{"line":87,"column":18},"end":{"line":90,"column":null}},"43":{"start":{"line":92,"column":18},"end":{"line":92,"column":null}},"44":{"start":{"line":94,"column":19},"end":{"line":98,"column":null}},"45":{"start":{"line":95,"column":15},"end":{"line":95,"column":null}},"46":{"start":{"line":97,"column":15},"end":{"line":97,"column":null}},"47":{"start":{"line":103,"column":3},"end":{"line":110,"column":null}},"48":{"start":{"line":67,"column":0},"end":{"line":67,"column":16}},"49":{"start":{"line":117,"column":32},"end":{"line":117,"column":65}},"50":{"start":{"line":119,"column":3},"end":{"line":129,"column":null}},"51":{"start":{"line":123,"column":34},"end":{"line":123,"column":69}},"52":{"start":{"line":124,"column":9},"end":{"line":127,"column":null}},"53":{"start":{"line":113,"column":0},"end":{"line":113,"column":16}},"54":{"start":{"line":137,"column":26},"end":{"line":137,"column":112}},"55":{"start":{"line":137,"column":66},"end":{"line":137,"column":111}},"56":{"start":{"line":139,"column":3},"end":{"line":141,"column":null}},"57":{"start":{"line":142,"column":24},"end":{"line":142,"column":68}},"58":{"start":{"line":143,"column":3},"end":{"line":143,"column":null}},"59":{"start":{"line":132,"column":0},"end":{"line":132,"column":22}},"60":{"start":{"line":150,"column":21},"end":{"line":150,"column":60}},"61":{"start":{"line":153,"column":3},"end":{"line":158,"column":null}},"62":{"start":{"line":154,"column":6},"end":{"line":157,"column":null}},"63":{"start":{"line":161,"column":3},"end":{"line":161,"column":null}},"64":{"start":{"line":162,"column":3},"end":{"line":162,"column":null}},"65":{"start":{"line":146,"column":0},"end":{"line":146,"column":16}},"66":{"start":{"line":170,"column":21},"end":{"line":170,"column":46}},"67":{"start":{"line":171,"column":3},"end":{"line":171,"column":null}},"68":{"start":{"line":174,"column":3},"end":{"line":174,"column":null}},"69":{"start":{"line":175,"column":3},"end":{"line":175,"column":null}},"70":{"start":{"line":178,"column":3},"end":{"line":180,"column":null}},"71":{"start":{"line":179,"column":6},"end":{"line":179,"column":null}},"72":{"start":{"line":165,"column":0},"end":{"line":165,"column":16}},"73":{"start":{"line":184,"column":3},"end":{"line":184,"column":null}},"74":{"start":{"line":183,"column":0},"end":{"line":183,"column":16}},"75":{"start":{"line":188,"column":3},"end":{"line":196,"column":null}},"76":{"start":{"line":193,"column":6},"end":{"line":193,"column":null}},"77":{"start":{"line":194,"column":10},"end":{"line":196,"column":null}},"78":{"start":{"line":195,"column":6},"end":{"line":195,"column":null}},"79":{"start":{"line":187,"column":0},"end":{"line":187,"column":16}},"80":{"start":{"line":200,"column":3},"end":{"line":202,"column":null}},"81":{"start":{"line":201,"column":6},"end":{"line":201,"column":null}},"82":{"start":{"line":199,"column":0},"end":{"line":199,"column":16}},"83":{"start":{"line":209,"column":30},"end":{"line":209,"column":39}},"84":{"start":{"line":210,"column":26},"end":{"line":210,"column":35}},"85":{"start":{"line":212,"column":3},"end":{"line":214,"column":null}},"86":{"start":{"line":213,"column":6},"end":{"line":213,"column":null}},"87":{"start":{"line":216,"column":3},"end":{"line":218,"column":null}},"88":{"start":{"line":217,"column":6},"end":{"line":217,"column":null}},"89":{"start":{"line":220,"column":17},"end":{"line":220,"column":21}},"90":{"start":{"line":221,"column":3},"end":{"line":227,"column":null}},"91":{"start":{"line":222,"column":6},"end":{"line":226,"column":null}},"92":{"start":{"line":226,"column":9},"end":{"line":226,"column":null}},"93":{"start":{"line":229,"column":3},"end":{"line":229,"column":null}},"94":{"start":{"line":205,"column":0},"end":{"line":205,"column":16}},"95":{"start":{"line":237,"column":18},"end":{"line":237,"column":55}},"96":{"start":{"line":238,"column":3},"end":{"line":240,"column":null}},"97":{"start":{"line":239,"column":6},"end":{"line":239,"column":null}},"98":{"start":{"line":242,"column":3},"end":{"line":253,"column":null}},"99":{"start":{"line":243,"column":23},"end":{"line":243,"column":61}},"100":{"start":{"line":245,"column":6},"end":{"line":252,"column":null}},"101":{"start":{"line":246,"column":9},"end":{"line":246,"column":null}},"102":{"start":{"line":247,"column":9},"end":{"line":247,"column":null}},"103":{"start":{"line":249,"column":9},"end":{"line":251,"column":null}},"104":{"start":{"line":232,"column":0},"end":{"line":232,"column":22}},"105":{"start":{"line":260,"column":25},"end":{"line":260,"column":67}},"106":{"start":{"line":261,"column":22},"end":{"line":261,"column":56}},"107":{"start":{"line":263,"column":3},"end":{"line":263,"column":null}},"108":{"start":{"line":256,"column":0},"end":{"line":256,"column":22}}},"fnMap":{"0":{"name":"deleteGreenObjects","decl":{"start":{"line":33,"column":22},"end":{"line":33,"column":40}},"loc":{"start":{"line":35,"column":24},"end":{"line":49,"column":null}}},"1":{"name":"(anonymous_9)","decl":{"start":{"line":38,"column":61},"end":{"line":38,"column":62}},"loc":{"start":{"line":38,"column":69},"end":{"line":43,"column":4}}},"2":{"name":"deleteObjects","decl":{"start":{"line":51,"column":22},"end":{"line":51,"column":35}},"loc":{"start":{"line":53,"column":32},"end":{"line":64,"column":null}}},"3":{"name":"getManifestObjects","decl":{"start":{"line":67,"column":16},"end":{"line":67,"column":34}},"loc":{"start":{"line":67,"column":54},"end":{"line":111,"column":1}}},"4":{"name":"(anonymous_13)","decl":{"start":{"line":75,"column":21},"end":{"line":75,"column":22}},"loc":{"start":{"line":75,"column":42},"end":{"line":101,"column":4}}},"5":{"name":"(anonymous_14)","decl":{"start":{"line":77,"column":37},"end":{"line":77,"column":38}},"loc":{"start":{"line":77,"column":53},"end":{"line":100,"column":7}}},"6":{"name":"isServiceRouted","decl":{"start":{"line":113,"column":16},"end":{"line":113,"column":31}},"loc":{"start":{"line":115,"column":30},"end":{"line":130,"column":1}}},"7":{"name":"(anonymous_16)","decl":{"start":{"line":121,"column":32},"end":{"line":121,"column":33}},"loc":{"start":{"line":121,"column":46},"end":{"line":128,"column":7}}},"8":{"name":"deployWithLabel","decl":{"start":{"line":132,"column":22},"end":{"line":132,"column":37}},"loc":{"start":{"line":135,"column":20},"end":{"line":144,"column":null}}},"9":{"name":"(anonymous_19)","decl":{"start":{"line":137,"column":51},"end":{"line":137,"column":62}},"loc":{"start":{"line":137,"column":66},"end":{"line":137,"column":111}}},"10":{"name":"getNewBlueGreenObject","decl":{"start":{"line":146,"column":16},"end":{"line":146,"column":37}},"loc":{"start":{"line":148,"column":21},"end":{"line":163,"column":1}}},"11":{"name":"addBlueGreenLabelsAndAnnotations","decl":{"start":{"line":165,"column":16},"end":{"line":165,"column":48}},"loc":{"start":{"line":167,"column":21},"end":{"line":181,"column":1}}},"12":{"name":"getBlueGreenResourceName","decl":{"start":{"line":183,"column":16},"end":{"line":183,"column":40}},"loc":{"start":{"line":183,"column":69},"end":{"line":185,"column":1}}},"13":{"name":"getDeploymentMatchLabels","decl":{"start":{"line":187,"column":16},"end":{"line":187,"column":40}},"loc":{"start":{"line":187,"column":62},"end":{"line":197,"column":1}}},"14":{"name":"getServiceSelector","decl":{"start":{"line":199,"column":16},"end":{"line":199,"column":34}},"loc":{"start":{"line":199,"column":53},"end":{"line":203,"column":1}}},"15":{"name":"isServiceSelectorSubsetOfMatchLabel","decl":{"start":{"line":205,"column":16},"end":{"line":205,"column":51}},"loc":{"start":{"line":207,"column":19},"end":{"line":230,"column":1}}},"16":{"name":"(anonymous_26)","decl":{"start":{"line":212,"column":47},"end":{"line":212,"column":48}},"loc":{"start":{"line":212,"column":62},"end":{"line":214,"column":4}}},"17":{"name":"(anonymous_27)","decl":{"start":{"line":216,"column":43},"end":{"line":216,"column":44}},"loc":{"start":{"line":216,"column":58},"end":{"line":218,"column":4}}},"18":{"name":"(anonymous_28)","decl":{"start":{"line":221,"column":30},"end":{"line":221,"column":31}},"loc":{"start":{"line":221,"column":45},"end":{"line":227,"column":4}}},"19":{"name":"fetchResource","decl":{"start":{"line":232,"column":22},"end":{"line":232,"column":35}},"loc":{"start":{"line":235,"column":15},"end":{"line":254,"column":null}}},"20":{"name":"deployObjects","decl":{"start":{"line":256,"column":22},"end":{"line":256,"column":35}},"loc":{"start":{"line":258,"column":21},"end":{"line":264,"column":null}}}},"branchMap":{"0":{"loc":{"start":{"line":78,"column":9},"end":{"line":99,"column":null}},"type":"if","locations":[{"start":{"line":78,"column":9},"end":{"line":99,"column":null}}]},"1":{"loc":{"start":{"line":82,"column":12},"end":{"line":98,"column":null}},"type":"if","locations":[{"start":{"line":82,"column":12},"end":{"line":98,"column":null}},{"start":{"line":84,"column":19},"end":{"line":98,"column":null}}]},"2":{"loc":{"start":{"line":84,"column":19},"end":{"line":98,"column":null}},"type":"if","locations":[{"start":{"line":84,"column":19},"end":{"line":98,"column":null}},{"start":{"line":94,"column":19},"end":{"line":98,"column":null}}]},"3":{"loc":{"start":{"line":85,"column":15},"end":{"line":93,"column":null}},"type":"if","locations":[{"start":{"line":85,"column":15},"end":{"line":93,"column":null}},{"start":{"line":91,"column":22},"end":{"line":93,"column":null}}]},"4":{"loc":{"start":{"line":94,"column":19},"end":{"line":98,"column":null}},"type":"if","locations":[{"start":{"line":94,"column":19},"end":{"line":98,"column":null}},{"start":{"line":96,"column":19},"end":{"line":98,"column":null}}]},"5":{"loc":{"start":{"line":120,"column":6},"end":{"line":128,"column":8}},"type":"binary-expr","locations":[{"start":{"line":120,"column":6},"end":{"line":120,"column":21}},{"start":{"line":121,"column":6},"end":{"line":128,"column":8}}]},"6":{"loc":{"start":{"line":125,"column":12},"end":{"line":126,"column":77}},"type":"binary-expr","locations":[{"start":{"line":125,"column":12},"end":{"line":125,"column":23}},{"start":{"line":126,"column":12},"end":{"line":126,"column":77}}]},"7":{"loc":{"start":{"line":153,"column":3},"end":{"line":158,"column":null}},"type":"if","locations":[{"start":{"line":153,"column":3},"end":{"line":158,"column":null}}]},"8":{"loc":{"start":{"line":178,"column":3},"end":{"line":180,"column":null}},"type":"if","locations":[{"start":{"line":178,"column":3},"end":{"line":180,"column":null}}]},"9":{"loc":{"start":{"line":188,"column":3},"end":{"line":196,"column":null}},"type":"if","locations":[{"start":{"line":188,"column":3},"end":{"line":196,"column":null}},{"start":{"line":194,"column":10},"end":{"line":196,"column":null}}]},"10":{"loc":{"start":{"line":189,"column":6},"end":{"line":191,"column":null}},"type":"binary-expr","locations":[{"start":{"line":189,"column":6},"end":{"line":190,"column":45}},{"start":{"line":190,"column":45},"end":{"line":191,"column":40}}]},"11":{"loc":{"start":{"line":189,"column":6},"end":{"line":189,"column":null}},"type":"cond-expr","locations":[{"start":{"line":189,"column":28},"end":{"line":189,"column":30}},{"start":{"line":189,"column":28},"end":{"line":189,"column":null}}]},"12":{"loc":{"start":{"line":189,"column":6},"end":{"line":189,"column":30}},"type":"binary-expr","locations":[{"start":{"line":189,"column":6},"end":{"line":189,"column":30}},{"start":{"line":189,"column":28},"end":{"line":189,"column":30}}]},"13":{"loc":{"start":{"line":189,"column":6},"end":{"line":189,"column":28}},"type":"cond-expr","locations":[{"start":{"line":189,"column":22},"end":{"line":189,"column":24}},{"start":{"line":189,"column":6},"end":{"line":189,"column":28}}]},"14":{"loc":{"start":{"line":189,"column":6},"end":{"line":189,"column":24}},"type":"binary-expr","locations":[{"start":{"line":189,"column":6},"end":{"line":189,"column":24}},{"start":{"line":189,"column":6},"end":{"line":189,"column":24}}]},"15":{"loc":{"start":{"line":190,"column":45},"end":{"line":191,"column":40}},"type":"cond-expr","locations":[{"start":{"line":191,"column":32},"end":{"line":191,"column":34}},{"start":{"line":191,"column":32},"end":{"line":191,"column":40}}]},"16":{"loc":{"start":{"line":190,"column":45},"end":{"line":191,"column":34}},"type":"binary-expr","locations":[{"start":{"line":190,"column":45},"end":{"line":191,"column":34}},{"start":{"line":191,"column":32},"end":{"line":191,"column":34}}]},"17":{"loc":{"start":{"line":191,"column":6},"end":{"line":191,"column":32}},"type":"cond-expr","locations":[{"start":{"line":191,"column":22},"end":{"line":191,"column":24}},{"start":{"line":191,"column":6},"end":{"line":191,"column":32}}]},"18":{"loc":{"start":{"line":191,"column":6},"end":{"line":191,"column":24}},"type":"binary-expr","locations":[{"start":{"line":191,"column":6},"end":{"line":191,"column":24}},{"start":{"line":191,"column":6},"end":{"line":191,"column":24}}]},"19":{"loc":{"start":{"line":194,"column":10},"end":{"line":196,"column":null}},"type":"if","locations":[{"start":{"line":194,"column":10},"end":{"line":196,"column":null}}]},"20":{"loc":{"start":{"line":194,"column":10},"end":{"line":194,"column":59}},"type":"cond-expr","locations":[{"start":{"line":194,"column":46},"end":{"line":194,"column":48}},{"start":{"line":194,"column":46},"end":{"line":194,"column":59}}]},"21":{"loc":{"start":{"line":194,"column":10},"end":{"line":194,"column":48}},"type":"binary-expr","locations":[{"start":{"line":194,"column":10},"end":{"line":194,"column":48}},{"start":{"line":194,"column":46},"end":{"line":194,"column":48}}]},"22":{"loc":{"start":{"line":194,"column":10},"end":{"line":194,"column":46}},"type":"cond-expr","locations":[{"start":{"line":194,"column":36},"end":{"line":194,"column":38}},{"start":{"line":194,"column":36},"end":{"line":194,"column":46}}]},"23":{"loc":{"start":{"line":194,"column":10},"end":{"line":194,"column":38}},"type":"binary-expr","locations":[{"start":{"line":194,"column":10},"end":{"line":194,"column":38}},{"start":{"line":194,"column":36},"end":{"line":194,"column":38}}]},"24":{"loc":{"start":{"line":194,"column":14},"end":{"line":194,"column":36}},"type":"cond-expr","locations":[{"start":{"line":194,"column":30},"end":{"line":194,"column":32}},{"start":{"line":194,"column":14},"end":{"line":194,"column":36}}]},"25":{"loc":{"start":{"line":194,"column":14},"end":{"line":194,"column":32}},"type":"binary-expr","locations":[{"start":{"line":194,"column":14},"end":{"line":194,"column":32}},{"start":{"line":194,"column":14},"end":{"line":194,"column":32}}]},"26":{"loc":{"start":{"line":200,"column":3},"end":{"line":202,"column":null}},"type":"if","locations":[{"start":{"line":200,"column":3},"end":{"line":202,"column":null}}]},"27":{"loc":{"start":{"line":200,"column":3},"end":{"line":200,"column":36}},"type":"cond-expr","locations":[{"start":{"line":200,"column":26},"end":{"line":200,"column":28}},{"start":{"line":200,"column":26},"end":{"line":200,"column":36}}]},"28":{"loc":{"start":{"line":200,"column":3},"end":{"line":200,"column":28}},"type":"binary-expr","locations":[{"start":{"line":200,"column":3},"end":{"line":200,"column":28}},{"start":{"line":200,"column":26},"end":{"line":200,"column":28}}]},"29":{"loc":{"start":{"line":200,"column":7},"end":{"line":200,"column":26}},"type":"cond-expr","locations":[{"start":{"line":200,"column":20},"end":{"line":200,"column":22}},{"start":{"line":200,"column":7},"end":{"line":200,"column":26}}]},"30":{"loc":{"start":{"line":200,"column":7},"end":{"line":200,"column":22}},"type":"binary-expr","locations":[{"start":{"line":200,"column":7},"end":{"line":200,"column":22}},{"start":{"line":200,"column":7},"end":{"line":200,"column":22}}]},"31":{"loc":{"start":{"line":222,"column":6},"end":{"line":226,"column":null}},"type":"if","locations":[{"start":{"line":222,"column":6},"end":{"line":226,"column":null}}]},"32":{"loc":{"start":{"line":223,"column":9},"end":{"line":224,"column":71}},"type":"binary-expr","locations":[{"start":{"line":223,"column":9},"end":{"line":223,"column":14}},{"start":{"line":224,"column":9},"end":{"line":224,"column":71}}]},"33":{"loc":{"start":{"line":224,"column":10},"end":{"line":224,"column":61}},"type":"binary-expr","locations":[{"start":{"line":224,"column":10},"end":{"line":224,"column":34}},{"start":{"line":224,"column":38},"end":{"line":224,"column":61}}]},"34":{"loc":{"start":{"line":238,"column":3},"end":{"line":240,"column":null}},"type":"if","locations":[{"start":{"line":238,"column":3},"end":{"line":240,"column":null}}]},"35":{"loc":{"start":{"line":238,"column":7},"end":{"line":238,"column":40}},"type":"binary-expr","locations":[{"start":{"line":238,"column":7},"end":{"line":238,"column":21}},{"start":{"line":238,"column":25},"end":{"line":238,"column":40}}]},"36":{"loc":{"start":{"line":242,"column":3},"end":{"line":253,"column":null}},"type":"if","locations":[{"start":{"line":242,"column":3},"end":{"line":253,"column":null}}]}},"s":{"0":8,"1":8,"2":8,"3":8,"4":8,"5":8,"6":8,"7":8,"8":8,"9":8,"10":8,"11":8,"12":8,"13":4,"14":6,"15":4,"16":4,"17":4,"18":8,"19":6,"20":12,"21":12,"22":12,"23":12,"24":8,"25":45,"26":45,"27":45,"28":45,"29":45,"30":45,"31":45,"32":45,"33":45,"34":134,"35":134,"36":134,"37":134,"38":44,"39":90,"40":45,"41":44,"42":44,"43":1,"44":45,"45":44,"46":1,"47":45,"48":8,"49":47,"50":47,"51":46,"52":46,"53":8,"54":8,"55":11,"56":8,"57":8,"58":8,"59":8,"60":19,"61":19,"62":12,"63":19,"64":19,"65":8,"66":27,"67":27,"68":27,"69":27,"70":27,"71":13,"72":8,"73":105,"74":8,"75":48,"76":1,"77":47,"78":47,"79":8,"80":47,"81":47,"82":8,"83":46,"84":46,"85":46,"86":92,"87":46,"88":92,"89":46,"90":46,"91":92,"92":1,"93":46,"94":8,"95":4,"96":4,"97":3,"98":1,"99":1,"100":1,"101":1,"102":1,"103":0,"104":8,"105":22,"106":22,"107":22,"108":8},"f":{"0":4,"1":6,"2":6,"3":45,"4":45,"5":134,"6":47,"7":46,"8":8,"9":11,"10":19,"11":27,"12":105,"13":48,"14":47,"15":46,"16":92,"17":92,"18":92,"19":4,"20":22},"b":{"0":[134],"1":[44,90],"2":[45,45],"3":[44,1],"4":[44,1],"5":[47,47],"6":[46,46],"7":[12],"8":[13],"9":[1,47],"10":[48,1],"11":[0,48],"12":[48,48],"13":[0,48],"14":[48,48],"15":[0,1],"16":[1,1],"17":[0,1],"18":[1,1],"19":[47],"20":[0,47],"21":[47,47],"22":[0,47],"23":[47,47],"24":[0,47],"25":[47,47],"26":[47],"27":[0,47],"28":[47,47],"29":[0,47],"30":[47,47],"31":[1],"32":[92,46],"33":[46,46],"34":[3],"35":[4,2],"36":[1]}}
,"/Users/jaiveerkatariya/Developer/k8s-deploy/src/strategyHelpers/blueGreen/deploy.ts": {"path":"/Users/jaiveerkatariya/Developer/k8s-deploy/src/strategyHelpers/blueGreen/deploy.ts","statementMap":{"0":{"start":{"line":1,"column":0},"end":{"line":1,"column":37}},"1":{"start":{"line":9,"column":0},"end":{"line":9,"column":55}},"2":{"start":{"line":11,"column":0},"end":{"line":11,"column":null}},"3":{"start":{"line":17,"column":0},"end":{"line":17,"column":45}},"4":{"start":{"line":19,"column":0},"end":{"line":19,"column":47}},"5":{"start":{"line":26,"column":31},"end":{"line":35,"column":7}},"6":{"start":{"line":26,"column":49},"end":{"line":35,"column":5}},"7":{"start":{"line":27,"column":6},"end":{"line":34,"column":null}},"8":{"start":{"line":29,"column":12},"end":{"line":29,"column":null}},"9":{"start":{"line":31,"column":12},"end":{"line":31,"column":null}},"10":{"start":{"line":33,"column":12},"end":{"line":33,"column":null}},"11":{"start":{"line":37,"column":3},"end":{"line":37,"column":null}},"12":{"start":{"line":38,"column":3},"end":{"line":38,"column":null}},"13":{"start":{"line":39,"column":3},"end":{"line":39,"column":null}},"14":{"start":{"line":41,"column":3},"end":{"line":41,"column":null}},"15":{"start":{"line":21,"column":0},"end":{"line":21,"column":22}},"16":{"start":{"line":49,"column":47},"end":{"line":49,"column":76}},"17":{"start":{"line":52,"column":26},"end":{"line":56,"column":null}},"18":{"start":{"line":59,"column":3},"end":{"line":59,"column":null}},"19":{"start":{"line":62,"column":3},"end":{"line":62,"column":null}},"20":{"start":{"line":65,"column":52},"end":{"line":68,"column":null}},"21":{"start":{"line":70,"column":3},"end":{"line":73,"column":null}},"22":{"start":{"line":44,"column":0},"end":{"line":44,"column":22}},"23":{"start":{"line":81,"column":47},"end":{"line":81,"column":76}},"24":{"start":{"line":84,"column":34},"end":{"line":86,"column":null}},"25":{"start":{"line":88,"column":51},"end":{"line":91,"column":null}},"26":{"start":{"line":94,"column":24},"end":{"line":96,"column":null}},"27":{"start":{"line":99,"column":3},"end":{"line":99,"column":null}},"28":{"start":{"line":101,"column":3},"end":{"line":104,"column":null}},"29":{"start":{"line":106,"column":3},"end":{"line":109,"column":null}},"30":{"start":{"line":76,"column":0},"end":{"line":76,"column":22}},"31":{"start":{"line":116,"column":47},"end":{"line":116,"column":76}},"32":{"start":{"line":119,"column":52},"end":{"line":122,"column":null}},"33":{"start":{"line":126,"column":26},"end":{"line":129,"column":null}},"34":{"start":{"line":132,"column":3},"end":{"line":132,"column":null}},"35":{"start":{"line":134,"column":3},"end":{"line":137,"column":null}},"36":{"start":{"line":112,"column":0},"end":{"line":112,"column":22}}},"fnMap":{"0":{"name":"deployBlueGreen","decl":{"start":{"line":21,"column":22},"end":{"line":21,"column":37}},"loc":{"start":{"line":24,"column":31},"end":{"line":42,"column":null}}},"1":{"name":"(anonymous_9)","decl":{"start":{"line":26,"column":38},"end":{"line":26,"column":47}},"loc":{"start":{"line":26,"column":49},"end":{"line":35,"column":5}}},"2":{"name":"(anonymous_10)","decl":{"start":{"line":26,"column":49},"end":{"line":26,"column":null}},"loc":{"start":{"line":26,"column":49},"end":{"line":35,"column":4}}},"3":{"name":"deployBlueGreenSMI","decl":{"start":{"line":44,"column":22},"end":{"line":44,"column":40}},"loc":{"start":{"line":46,"column":22},"end":{"line":74,"column":null}}},"4":{"name":"deployBlueGreenIngress","decl":{"start":{"line":76,"column":22},"end":{"line":76,"column":44}},"loc":{"start":{"line":78,"column":22},"end":{"line":110,"column":null}}},"5":{"name":"deployBlueGreenService","decl":{"start":{"line":112,"column":22},"end":{"line":112,"column":44}},"loc":{"start":{"line":114,"column":22},"end":{"line":138,"column":null}}}},"branchMap":{"0":{"loc":{"start":{"line":27,"column":6},"end":{"line":34,"column":null}},"type":"switch","locations":[{"start":{"line":28,"column":9},"end":{"line":29,"column":null}},{"start":{"line":30,"column":9},"end":{"line":31,"column":null}},{"start":{"line":32,"column":9},"end":{"line":33,"column":null}}]}},"s":{"0":1,"1":1,"2":1,"3":1,"4":1,"5":3,"6":3,"7":3,"8":1,"9":1,"10":1,"11":3,"12":3,"13":3,"14":3,"15":1,"16":1,"17":1,"18":1,"19":1,"20":1,"21":1,"22":1,"23":2,"24":2,"25":2,"26":2,"27":2,"28":2,"29":2,"30":1,"31":1,"32":1,"33":1,"34":1,"35":1,"36":1},"f":{"0":3,"1":3,"2":3,"3":1,"4":2,"5":1},"b":{"0":[1,1,1]}}
,"/Users/jaiveerkatariya/Developer/k8s-deploy/src/strategyHelpers/blueGreen/ingressBlueGreenHelper.ts": {"path":"/Users/jaiveerkatariya/Developer/k8s-deploy/src/strategyHelpers/blueGreen/ingressBlueGreenHelper.ts","statementMap":{"0":{"start":{"line":1,"column":0},"end":{"line":1,"column":37}},"1":{"start":{"line":3,"column":0},"end":{"line":3,"column":null}},"2":{"start":{"line":11,"column":16},"end":{"line":11,"column":25}},"3":{"start":{"line":18,"column":21},"end":{"line":18,"column":60}},"4":{"start":{"line":20,"column":3},"end":{"line":20,"column":null}},"5":{"start":{"line":23,"column":3},"end":{"line":25,"column":null}},"6":{"start":{"line":24,"column":6},"end":{"line":24,"column":null}},"7":{"start":{"line":26,"column":3},"end":{"line":26,"column":null}},"8":{"start":{"line":13,"column":0},"end":{"line":13,"column":16}},"9":{"start":{"line":33,"column":3},"end":{"line":43,"column":null}},"10":{"start":{"line":34,"column":6},"end":{"line":40,"column":null}},"11":{"start":{"line":35,"column":31},"end":{"line":35,"column":36}},"12":{"start":{"line":36,"column":9},"end":{"line":39,"column":null}},"13":{"start":{"line":38,"column":12},"end":{"line":38,"column":null}},"14":{"start":{"line":42,"column":6},"end":{"line":42,"column":null}},"15":{"start":{"line":45,"column":3},"end":{"line":45,"column":null}},"16":{"start":{"line":29,"column":0},"end":{"line":29,"column":16}},"17":{"start":{"line":52,"column":3},"end":{"line":60,"column":null}},"18":{"start":{"line":53,"column":6},"end":{"line":58,"column":null}},"19":{"start":{"line":57,"column":9},"end":{"line":57,"column":null}},"20":{"start":{"line":59,"column":6},"end":{"line":59,"column":null}},"21":{"start":{"line":62,"column":3},"end":{"line":62,"column":null}},"22":{"start":{"line":48,"column":0},"end":{"line":48,"column":16}},"23":{"start":{"line":69,"column":34},"end":{"line":69,"column":39}},"24":{"start":{"line":71,"column":3},"end":{"line":81,"column":null}},"25":{"start":{"line":72,"column":6},"end":{"line":76,"column":null}},"26":{"start":{"line":77,"column":6},"end":{"line":78,"column":null}},"27":{"start":{"line":80,"column":6},"end":{"line":80,"column":null}},"28":{"start":{"line":83,"column":3},"end":{"line":83,"column":null}},"29":{"start":{"line":65,"column":0},"end":{"line":65,"column":16}},"30":{"start":{"line":91,"column":27},"end":{"line":91,"column":31}},"31":{"start":{"line":92,"column":28},"end":{"line":92,"column":30}},"32":{"start":{"line":94,"column":3},"end":{"line":118,"column":null}},"33":{"start":{"line":95,"column":6},"end":{"line":117,"column":null}},"34":{"start":{"line":97,"column":33},"end":{"line":100,"column":null}},"35":{"start":{"line":104,"column":12},"end":{"line":106,"column":32}},"36":{"start":{"line":107,"column":9},"end":{"line":114,"column":null}},"37":{"start":{"line":108,"column":12},"end":{"line":112,"column":null}},"38":{"start":{"line":113,"column":12},"end":{"line":113,"column":null}},"39":{"start":{"line":116,"column":9},"end":{"line":116,"column":null}},"40":{"start":{"line":119,"column":3},"end":{"line":119,"column":null}},"41":{"start":{"line":86,"column":0},"end":{"line":86,"column":22}}},"fnMap":{"0":{"name":"getUpdatedBlueGreenIngress","decl":{"start":{"line":13,"column":16},"end":{"line":13,"column":42}},"loc":{"start":{"line":16,"column":15},"end":{"line":27,"column":1}}},"1":{"name":"updateIngressBackendBetaV1","decl":{"start":{"line":29,"column":16},"end":{"line":29,"column":42}},"loc":{"start":{"line":31,"column":38},"end":{"line":46,"column":1}}},"2":{"name":"(anonymous_9)","decl":{"start":{"line":33,"column":57},"end":{"line":33,"column":58}},"loc":{"start":{"line":33,"column":72},"end":{"line":43,"column":4}}},"3":{"name":"updateIngressBackend","decl":{"start":{"line":48,"column":16},"end":{"line":48,"column":36}},"loc":{"start":{"line":50,"column":38},"end":{"line":63,"column":1}}},"4":{"name":"(anonymous_11)","decl":{"start":{"line":52,"column":57},"end":{"line":52,"column":58}},"loc":{"start":{"line":52,"column":72},"end":{"line":60,"column":4}}},"5":{"name":"isIngressRouted","decl":{"start":{"line":65,"column":16},"end":{"line":65,"column":31}},"loc":{"start":{"line":67,"column":38},"end":{"line":84,"column":1}}},"6":{"name":"(anonymous_13)","decl":{"start":{"line":71,"column":45},"end":{"line":71,"column":46}},"loc":{"start":{"line":71,"column":60},"end":{"line":81,"column":4}}},"7":{"name":"validateIngresses","decl":{"start":{"line":86,"column":22},"end":{"line":86,"column":39}},"loc":{"start":{"line":89,"column":38},"end":{"line":120,"column":null}}}},"branchMap":{"0":{"loc":{"start":{"line":23,"column":3},"end":{"line":25,"column":null}},"type":"if","locations":[{"start":{"line":23,"column":3},"end":{"line":25,"column":null}}]},"1":{"loc":{"start":{"line":34,"column":6},"end":{"line":40,"column":null}},"type":"if","locations":[{"start":{"line":34,"column":6},"end":{"line":40,"column":null}}]},"2":{"loc":{"start":{"line":36,"column":9},"end":{"line":39,"column":null}},"type":"if","locations":[{"start":{"line":36,"column":9},"end":{"line":39,"column":null}}]},"3":{"loc":{"start":{"line":53,"column":6},"end":{"line":58,"column":null}},"type":"if","locations":[{"start":{"line":53,"column":6},"end":{"line":58,"column":null}}]},"4":{"loc":{"start":{"line":54,"column":9},"end":{"line":55,"column":47}},"type":"binary-expr","locations":[{"start":{"line":54,"column":9},"end":{"line":54,"column":38}},{"start":{"line":55,"column":9},"end":{"line":55,"column":47}}]},"5":{"loc":{"start":{"line":73,"column":9},"end":{"line":76,"column":43}},"type":"binary-expr","locations":[{"start":{"line":73,"column":9},"end":{"line":73,"column":24}},{"start":{"line":74,"column":10},"end":{"line":74,"column":27}},{"start":{"line":75,"column":12},"end":{"line":75,"column":40}},{"start":{"line":76,"column":12},"end":{"line":76,"column":42}}]},"6":{"loc":{"start":{"line":78,"column":9},"end":{"line":78,"column":80}},"type":"binary-expr","locations":[{"start":{"line":78,"column":9},"end":{"line":78,"column":24}},{"start":{"line":78,"column":29},"end":{"line":78,"column":50}},{"start":{"line":78,"column":54},"end":{"line":78,"column":79}}]},"7":{"loc":{"start":{"line":95,"column":6},"end":{"line":117,"column":null}},"type":"if","locations":[{"start":{"line":95,"column":6},"end":{"line":117,"column":null}}]},"8":{"loc":{"start":{"line":104,"column":12},"end":{"line":106,"column":32}},"type":"binary-expr","locations":[{"start":{"line":104,"column":12},"end":{"line":104,"column":29}},{"start":{"line":105,"column":12},"end":{"line":106,"column":32}}]},"9":{"loc":{"start":{"line":105,"column":12},"end":{"line":105,"column":null}},"type":"cond-expr","locations":[{"start":{"line":105,"column":37},"end":{"line":105,"column":39}},{"start":{"line":105,"column":37},"end":{"line":105,"column":null}}]},"10":{"loc":{"start":{"line":105,"column":12},"end":{"line":105,"column":39}},"type":"binary-expr","locations":[{"start":{"line":105,"column":12},"end":{"line":105,"column":39}},{"start":{"line":105,"column":37},"end":{"line":105,"column":39}}]},"11":{"loc":{"start":{"line":105,"column":12},"end":{"line":105,"column":37}},"type":"cond-expr","locations":[{"start":{"line":105,"column":27},"end":{"line":105,"column":29}},{"start":{"line":105,"column":12},"end":{"line":105,"column":37}}]},"12":{"loc":{"start":{"line":105,"column":12},"end":{"line":105,"column":29}},"type":"binary-expr","locations":[{"start":{"line":105,"column":12},"end":{"line":105,"column":29}},{"start":{"line":105,"column":12},"end":{"line":105,"column":29}}]},"13":{"loc":{"start":{"line":107,"column":9},"end":{"line":114,"column":null}},"type":"if","locations":[{"start":{"line":107,"column":9},"end":{"line":114,"column":null}}]},"14":{"loc":{"start":{"line":116,"column":20},"end":{"line":116,"column":39}},"type":"binary-expr","locations":[{"start":{"line":116,"column":20},"end":{"line":116,"column":28}},{"start":{"line":116,"column":32},"end":{"line":116,"column":39}}]}},"s":{"0":5,"1":5,"2":5,"3":4,"4":4,"5":4,"6":1,"7":3,"8":5,"9":1,"10":24,"11":2,"12":2,"13":1,"14":24,"15":1,"16":5,"17":3,"18":63,"19":3,"20":63,"21":3,"22":5,"23":13,"24":13,"25":243,"26":243,"27":243,"28":13,"29":5,"30":6,"31":6,"32":6,"33":6,"34":6,"35":6,"36":6,"37":4,"38":4,"39":6,"40":6,"41":5},"f":{"0":4,"1":1,"2":24,"3":3,"4":63,"5":13,"6":243,"7":6},"b":{"0":[1],"1":[2],"2":[1],"3":[3],"4":[63,3],"5":[243,149,11,11],"6":[243,139,1],"7":[6],"8":[6,5],"9":[1,4],"10":[5,5],"11":[0,5],"12":[5,5],"13":[4],"14":[6,6]}}
,"/Users/jaiveerkatariya/Developer/k8s-deploy/src/strategyHelpers/blueGreen/promote.ts": {"path":"/Users/jaiveerkatariya/Developer/k8s-deploy/src/strategyHelpers/blueGreen/promote.ts","statementMap":{"0":{"start":{"line":6,"column":0},"end":{"line":6,"column":67}},"1":{"start":{"line":8,"column":0},"end":{"line":8,"column":58}},"2":{"start":{"line":9,"column":0},"end":{"line":9,"column":62}},"3":{"start":{"line":10,"column":0},"end":{"line":10,"column":63}},"4":{"start":{"line":17,"column":40},"end":{"line":20,"column":null}},"5":{"start":{"line":22,"column":3},"end":{"line":26,"column":null}},"6":{"start":{"line":23,"column":6},"end":{"line":25,"column":null}},"7":{"start":{"line":29,"column":39},"end":{"line":35,"column":null}},"8":{"start":{"line":39,"column":3},"end":{"line":39,"column":null}},"9":{"start":{"line":12,"column":0},"end":{"line":12,"column":22}},"10":{"start":{"line":47,"column":3},"end":{"line":51,"column":null}},"11":{"start":{"line":50,"column":6},"end":{"line":50,"column":null}},"12":{"start":{"line":54,"column":3},"end":{"line":58,"column":null}},"13":{"start":{"line":42,"column":0},"end":{"line":42,"column":22}},"14":{"start":{"line":66,"column":3},"end":{"line":73,"column":null}},"15":{"start":{"line":72,"column":6},"end":{"line":72,"column":null}},"16":{"start":{"line":76,"column":3},"end":{"line":80,"column":null}},"17":{"start":{"line":61,"column":0},"end":{"line":61,"column":22}}},"fnMap":{"0":{"name":"promoteBlueGreenIngress","decl":{"start":{"line":12,"column":22},"end":{"line":12,"column":45}},"loc":{"start":{"line":14,"column":18},"end":{"line":40,"column":null}}},"1":{"name":"promoteBlueGreenService","decl":{"start":{"line":42,"column":22},"end":{"line":42,"column":45}},"loc":{"start":{"line":44,"column":18},"end":{"line":59,"column":null}}},"2":{"name":"promoteBlueGreenSMI","decl":{"start":{"line":61,"column":22},"end":{"line":61,"column":41}},"loc":{"start":{"line":63,"column":18},"end":{"line":81,"column":null}}}},"branchMap":{"0":{"loc":{"start":{"line":22,"column":3},"end":{"line":26,"column":null}},"type":"if","locations":[{"start":{"line":22,"column":3},"end":{"line":26,"column":null}}]},"1":{"loc":{"start":{"line":47,"column":3},"end":{"line":51,"column":null}},"type":"if","locations":[{"start":{"line":47,"column":3},"end":{"line":51,"column":null}}]},"2":{"loc":{"start":{"line":66,"column":3},"end":{"line":73,"column":null}},"type":"if","locations":[{"start":{"line":66,"column":3},"end":{"line":73,"column":null}}]}},"s":{"0":1,"1":1,"2":1,"3":1,"4":2,"5":2,"6":1,"7":1,"8":1,"9":1,"10":2,"11":1,"12":1,"13":1,"14":2,"15":1,"16":1,"17":1},"f":{"0":2,"1":2,"2":2},"b":{"0":[1],"1":[1],"2":[1]}}
,"/Users/jaiveerkatariya/Developer/k8s-deploy/src/strategyHelpers/blueGreen/reject.ts": {"path":"/Users/jaiveerkatariya/Developer/k8s-deploy/src/strategyHelpers/blueGreen/reject.ts","statementMap":{"0":{"start":{"line":8,"column":0},"end":{"line":8,"column":70}},"1":{"start":{"line":9,"column":0},"end":{"line":9,"column":41}},"2":{"start":{"line":10,"column":0},"end":{"line":10,"column":47}},"3":{"start":{"line":11,"column":0},"end":{"line":11,"column":77}},"4":{"start":{"line":19,"column":23},"end":{"line":22,"column":null}},"5":{"start":{"line":26,"column":24},"end":{"line":31,"column":null}},"6":{"start":{"line":34,"column":3},"end":{"line":34,"column":null}},"7":{"start":{"line":13,"column":0},"end":{"line":13,"column":22}},"8":{"start":{"line":42,"column":23},"end":{"line":45,"column":null}},"9":{"start":{"line":49,"column":24},"end":{"line":51,"column":null}},"10":{"start":{"line":54,"column":3},"end":{"line":54,"column":null}},"11":{"start":{"line":37,"column":0},"end":{"line":37,"column":22}},"12":{"start":{"line":62,"column":23},"end":{"line":65,"column":null}},"13":{"start":{"line":69,"column":26},"end":{"line":71,"column":null}},"14":{"start":{"line":75,"column":25},"end":{"line":77,"column":null}},"15":{"start":{"line":80,"column":3},"end":{"line":80,"column":null}},"16":{"start":{"line":57,"column":0},"end":{"line":57,"column":22}}},"fnMap":{"0":{"name":"rejectBlueGreenIngress","decl":{"start":{"line":13,"column":22},"end":{"line":13,"column":44}},"loc":{"start":{"line":15,"column":38},"end":{"line":35,"column":null}}},"1":{"name":"rejectBlueGreenService","decl":{"start":{"line":37,"column":22},"end":{"line":37,"column":44}},"loc":{"start":{"line":39,"column":38},"end":{"line":55,"column":null}}},"2":{"name":"rejectBlueGreenSMI","decl":{"start":{"line":57,"column":22},"end":{"line":57,"column":40}},"loc":{"start":{"line":59,"column":38},"end":{"line":81,"column":null}}}},"branchMap":{},"s":{"0":1,"1":1,"2":1,"3":1,"4":1,"5":1,"6":1,"7":1,"8":1,"9":1,"10":1,"11":1,"12":1,"13":1,"14":1,"15":1,"16":1},"f":{"0":1,"1":1,"2":1},"b":{}}
,"/Users/jaiveerkatariya/Developer/k8s-deploy/src/strategyHelpers/blueGreen/route.ts": {"path":"/Users/jaiveerkatariya/Developer/k8s-deploy/src/strategyHelpers/blueGreen/route.ts","statementMap":{"0":{"start":{"line":1,"column":0},"end":{"line":1,"column":47}},"1":{"start":{"line":2,"column":0},"end":{"line":2,"column":55}},"2":{"start":{"line":8,"column":0},"end":{"line":8,"column":null}},"3":{"start":{"line":14,"column":0},"end":{"line":14,"column":null}},"4":{"start":{"line":18,"column":0},"end":{"line":18,"column":67}},"5":{"start":{"line":19,"column":0},"end":{"line":19,"column":61}},"6":{"start":{"line":21,"column":0},"end":{"line":21,"column":37}},"7":{"start":{"line":23,"column":0},"end":{"line":23,"column":46}},"8":{"start":{"line":31,"column":30},"end":{"line":31,"column":45}},"9":{"start":{"line":32,"column":26},"end":{"line":32,"column":36}},"10":{"start":{"line":33,"column":3},"end":{"line":35,"column":null}},"11":{"start":{"line":36,"column":3},"end":{"line":36,"column":null}},"12":{"start":{"line":37,"column":24},"end":{"line":37,"column":34}},"13":{"start":{"line":38,"column":3},"end":{"line":40,"column":null}},"14":{"start":{"line":43,"column":6},"end":{"line":43,"column":44}},"15":{"start":{"line":46,"column":3},"end":{"line":64,"column":null}},"16":{"start":{"line":47,"column":6},"end":{"line":51,"column":null}},"17":{"start":{"line":52,"column":10},"end":{"line":64,"column":null}},"18":{"start":{"line":53,"column":6},"end":{"line":57,"column":null}},"19":{"start":{"line":59,"column":6},"end":{"line":63,"column":null}},"20":{"start":{"line":25,"column":0},"end":{"line":25,"column":22}},"21":{"start":{"line":73,"column":39},"end":{"line":85,"column":5}},"22":{"start":{"line":74,"column":6},"end":{"line":84,"column":null}},"23":{"start":{"line":75,"column":43},"end":{"line":78,"column":null}},"24":{"start":{"line":80,"column":9},"end":{"line":80,"column":null}},"25":{"start":{"line":82,"column":9},"end":{"line":82,"column":null}},"26":{"start":{"line":83,"column":9},"end":{"line":83,"column":null}},"27":{"start":{"line":87,"column":24},"end":{"line":87,"column":68}},"28":{"start":{"line":89,"column":3},"end":{"line":89,"column":null}},"29":{"start":{"line":67,"column":0},"end":{"line":67,"column":22}},"30":{"start":{"line":97,"column":19},"end":{"line":98,"column":null}},"31":{"start":{"line":98,"column":6},"end":{"line":98,"column":46}},"32":{"start":{"line":101,"column":24},"end":{"line":101,"column":61}},"33":{"start":{"line":102,"column":3},"end":{"line":102,"column":null}},"34":{"start":{"line":92,"column":0},"end":{"line":92,"column":22}},"35":{"start":{"line":110,"column":19},"end":{"line":113,"column":5}},"36":{"start":{"line":110,"column":58},"end":{"line":112,"column":null}},"37":{"start":{"line":115,"column":24},"end":{"line":115,"column":61}},"38":{"start":{"line":117,"column":3},"end":{"line":117,"column":null}},"39":{"start":{"line":105,"column":0},"end":{"line":105,"column":22}},"40":{"start":{"line":127,"column":43},"end":{"line":136,"column":null}},"41":{"start":{"line":128,"column":52},"end":{"line":136,"column":8}},"42":{"start":{"line":129,"column":46},"end":{"line":132,"column":null}},"43":{"start":{"line":135,"column":9},"end":{"line":135,"column":null}},"44":{"start":{"line":139,"column":24},"end":{"line":139,"column":63}},"45":{"start":{"line":141,"column":3},"end":{"line":141,"column":null}},"46":{"start":{"line":120,"column":0},"end":{"line":120,"column":22}}},"fnMap":{"0":{"name":"routeBlueGreenForDeploy","decl":{"start":{"line":25,"column":22},"end":{"line":25,"column":45}},"loc":{"start":{"line":28,"column":31},"end":{"line":65,"column":null}}},"1":{"name":"routeBlueGreenIngress","decl":{"start":{"line":67,"column":22},"end":{"line":67,"column":43}},"loc":{"start":{"line":70,"column":27},"end":{"line":90,"column":null}}},"2":{"name":"(anonymous_11)","decl":{"start":{"line":73,"column":61},"end":{"line":73,"column":62}},"loc":{"start":{"line":73,"column":69},"end":{"line":85,"column":4}}},"3":{"name":"routeBlueGreenIngressUnchanged","decl":{"start":{"line":92,"column":22},"end":{"line":92,"column":52}},"loc":{"start":{"line":95,"column":27},"end":{"line":103,"column":null}}},"4":{"name":"(anonymous_14)","decl":{"start":{"line":97,"column":44},"end":{"line":97,"column":45}},"loc":{"start":{"line":98,"column":6},"end":{"line":98,"column":46}}},"5":{"name":"routeBlueGreenService","decl":{"start":{"line":105,"column":22},"end":{"line":105,"column":43}},"loc":{"start":{"line":108,"column":27},"end":{"line":118,"column":null}}},"6":{"name":"(anonymous_17)","decl":{"start":{"line":110,"column":41},"end":{"line":110,"column":54}},"loc":{"start":{"line":110,"column":58},"end":{"line":112,"column":null}}},"7":{"name":"routeBlueGreenSMI","decl":{"start":{"line":120,"column":22},"end":{"line":120,"column":39}},"loc":{"start":{"line":123,"column":27},"end":{"line":142,"column":null}}},"8":{"name":"(anonymous_20)","decl":{"start":{"line":128,"column":28},"end":{"line":128,"column":35}},"loc":{"start":{"line":128,"column":52},"end":{"line":136,"column":8}}},"9":{"name":"(anonymous_21)","decl":{"start":{"line":128,"column":52},"end":{"line":128,"column":null}},"loc":{"start":{"line":128,"column":52},"end":{"line":136,"column":7}}}},"branchMap":{"0":{"loc":{"start":{"line":46,"column":3},"end":{"line":64,"column":null}},"type":"if","locations":[{"start":{"line":46,"column":3},"end":{"line":64,"column":null}},{"start":{"line":52,"column":10},"end":{"line":64,"column":null}}]},"1":{"loc":{"start":{"line":52,"column":10},"end":{"line":64,"column":null}},"type":"if","locations":[{"start":{"line":52,"column":10},"end":{"line":64,"column":null}},{"start":{"line":58,"column":10},"end":{"line":64,"column":null}}]},"2":{"loc":{"start":{"line":74,"column":6},"end":{"line":84,"column":null}},"type":"if","locations":[{"start":{"line":74,"column":6},"end":{"line":84,"column":null}},{"start":{"line":81,"column":13},"end":{"line":84,"column":null}}]}},"s":{"0":3,"1":3,"2":3,"3":3,"4":3,"5":3,"6":3,"7":3,"8":3,"9":3,"10":3,"11":3,"12":3,"13":3,"14":3,"15":3,"16":1,"17":2,"18":1,"19":1,"20":3,"21":2,"22":3,"23":2,"24":2,"25":1,"26":1,"27":2,"28":2,"29":3,"30":1,"31":1,"32":1,"33":1,"34":3,"35":3,"36":3,"37":3,"38":3,"39":3,"40":2,"41":2,"42":2,"43":2,"44":2,"45":2,"46":3},"f":{"0":3,"1":2,"2":3,"3":1,"4":1,"5":3,"6":3,"7":2,"8":2,"9":2},"b":{"0":[1,2],"1":[1,1],"2":[2,1]}}
,"/Users/jaiveerkatariya/Developer/k8s-deploy/src/strategyHelpers/blueGreen/serviceBlueGreenHelper.ts": {"path":"/Users/jaiveerkatariya/Developer/k8s-deploy/src/strategyHelpers/blueGreen/serviceBlueGreenHelper.ts","statementMap":{"0":{"start":{"line":4,"column":0},"end":{"line":4,"column":null}},"1":{"start":{"line":16,"column":21},"end":{"line":16,"column":60}},"2":{"start":{"line":19,"column":3},"end":{"line":19,"column":null}},"3":{"start":{"line":20,"column":3},"end":{"line":20,"column":null}},"4":{"start":{"line":12,"column":0},"end":{"line":12,"column":16}},"5":{"start":{"line":27,"column":35},"end":{"line":27,"column":39}},"6":{"start":{"line":29,"column":3},"end":{"line":42,"column":null}},"7":{"start":{"line":31,"column":30},"end":{"line":34,"column":null}},"8":{"start":{"line":38,"column":9},"end":{"line":40,"column":29}},"9":{"start":{"line":41,"column":6},"end":{"line":41,"column":null}},"10":{"start":{"line":44,"column":3},"end":{"line":44,"column":null}},"11":{"start":{"line":23,"column":0},"end":{"line":23,"column":22}},"12":{"start":{"line":48,"column":3},"end":{"line":48,"column":null}},"13":{"start":{"line":47,"column":0},"end":{"line":47,"column":16}}},"fnMap":{"0":{"name":"getUpdatedBlueGreenService","decl":{"start":{"line":12,"column":16},"end":{"line":12,"column":42}},"loc":{"start":{"line":14,"column":21},"end":{"line":21,"column":1}}},"1":{"name":"validateServicesState","decl":{"start":{"line":23,"column":22},"end":{"line":23,"column":43}},"loc":{"start":{"line":25,"column":27},"end":{"line":45,"column":null}}},"2":{"name":"getServiceSpecLabel","decl":{"start":{"line":47,"column":16},"end":{"line":47,"column":35}},"loc":{"start":{"line":47,"column":65},"end":{"line":49,"column":1}}}},"branchMap":{"0":{"loc":{"start":{"line":38,"column":9},"end":{"line":40,"column":29}},"type":"binary-expr","locations":[{"start":{"line":38,"column":9},"end":{"line":38,"column":26}},{"start":{"line":39,"column":9},"end":{"line":40,"column":29}}]},"1":{"loc":{"start":{"line":41,"column":25},"end":{"line":41,"column":59}},"type":"binary-expr","locations":[{"start":{"line":41,"column":25},"end":{"line":41,"column":41}},{"start":{"line":41,"column":45},"end":{"line":41,"column":59}}]}},"s":{"0":5,"1":4,"2":4,"3":4,"4":5,"5":2,"6":2,"7":2,"8":2,"9":2,"10":2,"11":5,"12":3,"13":5},"f":{"0":4,"1":2,"2":3},"b":{"0":[2,2],"1":[2,2]}}
,"/Users/jaiveerkatariya/Developer/k8s-deploy/src/strategyHelpers/blueGreen/smiBlueGreenHelper.ts": {"path":"/Users/jaiveerkatariya/Developer/k8s-deploy/src/strategyHelpers/blueGreen/smiBlueGreenHelper.ts","statementMap":{"0":{"start":{"line":1,"column":0},"end":{"line":1,"column":37}},"1":{"start":{"line":3,"column":0},"end":{"line":3,"column":65}},"2":{"start":{"line":4,"column":0},"end":{"line":4,"column":null}},"3":{"start":{"line":22,"column":0},"end":{"line":22,"column":49}},"4":{"start":{"line":24,"column":13},"end":{"line":24,"column":null}},"5":{"start":{"line":25,"column":13},"end":{"line":25,"column":null}},"6":{"start":{"line":26,"column":13},"end":{"line":26,"column":null}},"7":{"start":{"line":27,"column":13},"end":{"line":27,"column":null}},"8":{"start":{"line":33,"column":26},"end":{"line":33,"column":28}},"9":{"start":{"line":34,"column":29},"end":{"line":34,"column":31}},"10":{"start":{"line":36,"column":3},"end":{"line":44,"column":null}},"11":{"start":{"line":38,"column":6},"end":{"line":38,"column":null}},"12":{"start":{"line":40,"column":31},"end":{"line":40,"column":73}},"13":{"start":{"line":41,"column":30},"end":{"line":41,"column":71}},"14":{"start":{"line":42,"column":6},"end":{"line":42,"column":null}},"15":{"start":{"line":43,"column":6},"end":{"line":43,"column":null}},"16":{"start":{"line":46,"column":43},"end":{"line":46,"column":45}},"17":{"start":{"line":48,"column":3},"end":{"line":55,"column":null}},"18":{"start":{"line":49,"column":23},"end":{"line":52,"column":null}},"19":{"start":{"line":54,"column":6},"end":{"line":54,"column":null}},"20":{"start":{"line":57,"column":27},"end":{"line":57,"column":63}},"21":{"start":{"line":60,"column":45},"end":{"line":62,"column":null}},"22":{"start":{"line":65,"column":3},"end":{"line":68,"column":null}},"23":{"start":{"line":29,"column":0},"end":{"line":29,"column":22}},"24":{"start":{"line":71,"column":29},"end":{"line":71,"column":31}},"25":{"start":{"line":79,"column":3},"end":{"line":82,"column":null}},"26":{"start":{"line":80,"column":6},"end":{"line":82,"column":null}},"27":{"start":{"line":85,"column":23},"end":{"line":85,"column":39}},"28":{"start":{"line":89,"column":6},"end":{"line":89,"column":57}},"29":{"start":{"line":91,"column":6},"end":{"line":91,"column":57}},"30":{"start":{"line":93,"column":50},"end":{"line":114,"column":null}},"31":{"start":{"line":116,"column":3},"end":{"line":116,"column":null}},"32":{"start":{"line":73,"column":0},"end":{"line":73,"column":22}},"33":{"start":{"line":120,"column":21},"end":{"line":120,"column":60}},"34":{"start":{"line":122,"column":3},"end":{"line":125,"column":null}},"35":{"start":{"line":126,"column":3},"end":{"line":126,"column":null}},"36":{"start":{"line":119,"column":0},"end":{"line":119,"column":16}},"37":{"start":{"line":130,"column":21},"end":{"line":130,"column":60}},"38":{"start":{"line":131,"column":3},"end":{"line":131,"column":null}},"39":{"start":{"line":129,"column":0},"end":{"line":129,"column":16}},"40":{"start":{"line":138,"column":44},"end":{"line":138,"column":48}},"41":{"start":{"line":140,"column":3},"end":{"line":170,"column":null}},"42":{"start":{"line":141,"column":19},"end":{"line":141,"column":46}},"43":{"start":{"line":142,"column":31},"end":{"line":145,"column":null}},"44":{"start":{"line":147,"column":6},"end":{"line":149,"column":null}},"45":{"start":{"line":150,"column":6},"end":{"line":154,"column":null}},"46":{"start":{"line":151,"column":9},"end":{"line":151,"column":null}},"47":{"start":{"line":152,"column":9},"end":{"line":152,"column":null}},"48":{"start":{"line":153,"column":9},"end":{"line":153,"column":17}},"49":{"start":{"line":156,"column":6},"end":{"line":169,"column":null}},"50":{"start":{"line":158,"column":9},"end":{"line":161,"column":null}},"51":{"start":{"line":159,"column":12},"end":{"line":160,"column":null}},"52":{"start":{"line":163,"column":9},"end":{"line":168,"column":null}},"53":{"start":{"line":166,"column":12},"end":{"line":167,"column":null}},"54":{"start":{"line":171,"column":3},"end":{"line":171,"column":null}},"55":{"start":{"line":134,"column":0},"end":{"line":134,"column":22}},"56":{"start":{"line":178,"column":41},"end":{"line":178,"column":43}},"57":{"start":{"line":180,"column":3},"end":{"line":204,"column":null}},"58":{"start":{"line":181,"column":6},"end":{"line":187,"column":null}},"59":{"start":{"line":189,"column":6},"end":{"line":195,"column":null}},"60":{"start":{"line":197,"column":6},"end":{"line":203,"column":null}},"61":{"start":{"line":207,"column":3},"end":{"line":207,"column":null}},"62":{"start":{"line":209,"column":3},"end":{"line":209,"column":null}},"63":{"start":{"line":174,"column":0},"end":{"line":174,"column":22}}},"fnMap":{"0":{"name":"setupSMI","decl":{"start":{"line":29,"column":22},"end":{"line":29,"column":30}},"loc":{"start":{"line":31,"column":27},"end":{"line":69,"column":null}}},"1":{"name":"(anonymous_9)","decl":{"start":{"line":36,"column":29},"end":{"line":36,"column":30}},"loc":{"start":{"line":36,"column":47},"end":{"line":44,"column":4}}},"2":{"name":"createTrafficSplitObject","decl":{"start":{"line":73,"column":22},"end":{"line":73,"column":46}},"loc":{"start":{"line":76,"column":20},"end":{"line":117,"column":null}}},"3":{"name":"getStableSMIServiceResource","decl":{"start":{"line":119,"column":16},"end":{"line":119,"column":43}},"loc":{"start":{"line":119,"column":66},"end":{"line":127,"column":1}}},"4":{"name":"getGreenSMIServiceResource","decl":{"start":{"line":129,"column":16},"end":{"line":129,"column":42}},"loc":{"start":{"line":129,"column":65},"end":{"line":132,"column":1}}},"5":{"name":"validateTrafficSplitsState","decl":{"start":{"line":134,"column":22},"end":{"line":134,"column":48}},"loc":{"start":{"line":136,"column":27},"end":{"line":172,"column":null}}},"6":{"name":"(anonymous_16)","decl":{"start":{"line":156,"column":47},"end":{"line":156,"column":48}},"loc":{"start":{"line":156,"column":59},"end":{"line":169,"column":7}}},"7":{"name":"cleanupSMI","decl":{"start":{"line":174,"column":22},"end":{"line":174,"column":32}},"loc":{"start":{"line":176,"column":27},"end":{"line":210,"column":null}}},"8":{"name":"(anonymous_19)","decl":{"start":{"line":180,"column":29},"end":{"line":180,"column":30}},"loc":{"start":{"line":180,"column":47},"end":{"line":204,"column":4}}}},"branchMap":{"0":{"loc":{"start":{"line":79,"column":3},"end":{"line":82,"column":null}},"type":"if","locations":[{"start":{"line":79,"column":3},"end":{"line":82,"column":null}}]},"1":{"loc":{"start":{"line":89,"column":6},"end":{"line":89,"column":57}},"type":"cond-expr","locations":[{"start":{"line":89,"column":40},"end":{"line":89,"column":47}},{"start":{"line":89,"column":50},"end":{"line":89,"column":57}}]},"2":{"loc":{"start":{"line":91,"column":6},"end":{"line":91,"column":57}},"type":"cond-expr","locations":[{"start":{"line":91,"column":40},"end":{"line":91,"column":47}},{"start":{"line":91,"column":50},"end":{"line":91,"column":57}}]},"3":{"loc":{"start":{"line":150,"column":6},"end":{"line":154,"column":null}},"type":"if","locations":[{"start":{"line":150,"column":6},"end":{"line":154,"column":null}}]},"4":{"loc":{"start":{"line":158,"column":9},"end":{"line":161,"column":null}},"type":"if","locations":[{"start":{"line":158,"column":9},"end":{"line":161,"column":null}}]},"5":{"loc":{"start":{"line":160,"column":15},"end":{"line":160,"column":69}},"type":"binary-expr","locations":[{"start":{"line":160,"column":15},"end":{"line":160,"column":40}},{"start":{"line":160,"column":44},"end":{"line":160,"column":69}}]},"6":{"loc":{"start":{"line":163,"column":9},"end":{"line":168,"column":null}},"type":"if","locations":[{"start":{"line":163,"column":9},"end":{"line":168,"column":null}}]},"7":{"loc":{"start":{"line":167,"column":15},"end":{"line":167,"column":69}},"type":"binary-expr","locations":[{"start":{"line":167,"column":15},"end":{"line":167,"column":40}},{"start":{"line":167,"column":44},"end":{"line":167,"column":69}}]}},"s":{"0":5,"1":5,"2":5,"3":5,"4":5,"5":5,"6":5,"7":5,"8":2,"9":2,"10":2,"11":2,"12":2,"13":2,"14":2,"15":2,"16":2,"17":2,"18":2,"19":2,"20":2,"21":2,"22":2,"23":5,"24":5,"25":6,"26":6,"27":6,"28":6,"29":6,"30":6,"31":6,"32":5,"33":3,"34":3,"35":3,"36":5,"37":3,"38":3,"39":5,"40":4,"41":4,"42":4,"43":4,"44":4,"45":4,"46":1,"47":1,"48":1,"49":3,"50":6,"51":3,"52":6,"53":3,"54":4,"55":5,"56":2,"57":2,"58":2,"59":2,"60":2,"61":2,"62":2,"63":5},"f":{"0":2,"1":2,"2":6,"3":3,"4":3,"5":4,"6":6,"7":2,"8":2},"b":{"0":[6],"1":[2,4],"2":[2,4],"3":[1],"4":[3],"5":[3,2],"6":[3],"7":[3,3]}}
,"/Users/jaiveerkatariya/Developer/k8s-deploy/src/types/action.ts": {"path":"/Users/jaiveerkatariya/Developer/k8s-deploy/src/types/action.ts","statementMap":{"0":{"start":{"line":1,"column":0},"end":{"line":1,"column":null}},"1":{"start":{"line":2,"column":3},"end":{"line":2,"column":null}},"2":{"start":{"line":3,"column":3},"end":{"line":3,"column":null}},"3":{"start":{"line":4,"column":3},"end":{"line":4,"column":null}},"4":{"start":{"line":12,"column":13},"end":{"line":17,"column":null}},"5":{"start":{"line":13,"column":3},"end":{"line":16,"column":null}},"6":{"start":{"line":15,"column":16},"end":{"line":15,"column":72}}},"fnMap":{"0":{"name":"(anonymous_0)","decl":{"start":{"line":1,"column":0},"end":{"line":1,"column":12}},"loc":{"start":{"line":1,"column":18},"end":{"line":5,"column":1}}},"1":{"name":"(anonymous_1)","decl":{"start":{"line":12,"column":27},"end":{"line":12,"column":28}},"loc":{"start":{"line":13,"column":3},"end":{"line":16,"column":null}}},"2":{"name":"(anonymous_2)","decl":{"start":{"line":15,"column":9},"end":{"line":15,"column":10}},"loc":{"start":{"line":15,"column":16},"end":{"line":15,"column":72}}}},"branchMap":{"0":{"loc":{"start":{"line":1,"column":12},"end":{"line":1,"column":null}},"type":"binary-expr","locations":[{"start":{"line":1,"column":12},"end":{"line":1,"column":18}},{"start":{"line":1,"column":12},"end":{"line":1,"column":null}}]}},"s":{"0":1,"1":1,"2":1,"3":1,"4":1,"5":6,"6":18},"f":{"0":1,"1":6,"2":18},"b":{"0":[1,1]}}
,"/Users/jaiveerkatariya/Developer/k8s-deploy/src/types/annotations.ts": {"path":"/Users/jaiveerkatariya/Developer/k8s-deploy/src/types/annotations.ts","statementMap":{"0":{"start":{"line":2,"column":3},"end":{"line":7,"column":null}},"1":{"start":{"line":3,"column":6},"end":{"line":3,"column":null}},"2":{"start":{"line":5,"column":25},"end":{"line":5,"column":40}},"3":{"start":{"line":6,"column":6},"end":{"line":6,"column":null}},"4":{"start":{"line":1,"column":0},"end":{"line":1,"column":16}}},"fnMap":{"0":{"name":"parseAnnotations","decl":{"start":{"line":1,"column":16},"end":{"line":1,"column":32}},"loc":{"start":{"line":1,"column":44},"end":{"line":8,"column":1}}}},"branchMap":{"0":{"loc":{"start":{"line":2,"column":3},"end":{"line":7,"column":null}},"type":"if","locations":[{"start":{"line":2,"column":3},"end":{"line":7,"column":null}},{"start":{"line":4,"column":10},"end":{"line":7,"column":null}}]}},"s":{"0":5,"1":5,"2":0,"3":0,"4":5},"f":{"0":5},"b":{"0":[5,0]}}
,"/Users/jaiveerkatariya/Developer/k8s-deploy/src/types/deploymentStrategy.ts": {"path":"/Users/jaiveerkatariya/Developer/k8s-deploy/src/types/deploymentStrategy.ts","statementMap":{"0":{"start":{"line":1,"column":0},"end":{"line":1,"column":null}},"1":{"start":{"line":2,"column":3},"end":{"line":2,"column":null}},"2":{"start":{"line":3,"column":3},"end":{"line":3,"column":null}},"3":{"start":{"line":4,"column":3},"end":{"line":4,"column":null}},"4":{"start":{"line":12,"column":13},"end":{"line":20,"column":null}},"5":{"start":{"line":15,"column":3},"end":{"line":19,"column":null}},"6":{"start":{"line":18,"column":12},"end":{"line":18,"column":80}}},"fnMap":{"0":{"name":"(anonymous_0)","decl":{"start":{"line":1,"column":0},"end":{"line":1,"column":12}},"loc":{"start":{"line":1,"column":30},"end":{"line":5,"column":1}}},"1":{"name":"(anonymous_1)","decl":{"start":{"line":12,"column":39},"end":{"line":12,"column":null}},"loc":{"start":{"line":15,"column":3},"end":{"line":19,"column":null}}},"2":{"name":"(anonymous_2)","decl":{"start":{"line":17,"column":9},"end":{"line":17,"column":10}},"loc":{"start":{"line":18,"column":12},"end":{"line":18,"column":80}}}},"branchMap":{"0":{"loc":{"start":{"line":1,"column":12},"end":{"line":1,"column":null}},"type":"binary-expr","locations":[{"start":{"line":1,"column":12},"end":{"line":1,"column":30}},{"start":{"line":1,"column":12},"end":{"line":1,"column":null}}]}},"s":{"0":1,"1":1,"2":1,"3":1,"4":1,"5":4,"6":12},"f":{"0":1,"1":4,"2":12},"b":{"0":[1,1]}}
,"/Users/jaiveerkatariya/Developer/k8s-deploy/src/types/docker.ts": {"path":"/Users/jaiveerkatariya/Developer/k8s-deploy/src/types/docker.ts","statementMap":{"0":{"start":{"line":1,"column":0},"end":{"line":1,"column":43}},"1":{"start":{"line":7,"column":6},"end":{"line":7,"column":null}},"2":{"start":{"line":11,"column":21},"end":{"line":11,"column":73}},"3":{"start":{"line":12,"column":6},"end":{"line":14,"column":null}},"4":{"start":{"line":13,"column":9},"end":{"line":13,"column":null}},"5":{"start":{"line":22,"column":21},"end":{"line":22,"column":76}},"6":{"start":{"line":23,"column":6},"end":{"line":24,"column":null}},"7":{"start":{"line":24,"column":9},"end":{"line":24,"column":null}},"8":{"start":{"line":26,"column":6},"end":{"line":26,"column":null}},"9":{"start":{"line":30,"column":6},"end":{"line":30,"column":null}},"10":{"start":{"line":3,"column":0},"end":{"line":3,"column":13}}},"fnMap":{"0":{"name":"(anonymous_7)","decl":{"start":{"line":6,"column":3},"end":{"line":6,"column":15}},"loc":{"start":{"line":6,"column":33},"end":{"line":8,"column":4}}},"1":{"name":"(anonymous_8)","decl":{"start":{"line":10,"column":16},"end":{"line":10,"column":20}},"loc":{"start":{"line":10,"column":68},"end":{"line":15,"column":null}}},"2":{"name":"(anonymous_10)","decl":{"start":{"line":17,"column":16},"end":{"line":17,"column":23}},"loc":{"start":{"line":20,"column":29},"end":{"line":27,"column":null}}},"3":{"name":"(anonymous_12)","decl":{"start":{"line":29,"column":17},"end":{"line":29,"column":24}},"loc":{"start":{"line":29,"column":64},"end":{"line":31,"column":null}}}},"branchMap":{"0":{"loc":{"start":{"line":12,"column":6},"end":{"line":14,"column":null}},"type":"if","locations":[{"start":{"line":12,"column":6},"end":{"line":14,"column":null}}]},"1":{"loc":{"start":{"line":12,"column":10},"end":{"line":12,"column":53}},"type":"binary-expr","locations":[{"start":{"line":12,"column":10},"end":{"line":12,"column":29}},{"start":{"line":12,"column":33},"end":{"line":12,"column":53}}]},"2":{"loc":{"start":{"line":20,"column":6},"end":{"line":20,"column":29}},"type":"default-arg","locations":[{"start":{"line":20,"column":24},"end":{"line":20,"column":29}}]},"3":{"loc":{"start":{"line":23,"column":6},"end":{"line":24,"column":null}},"type":"if","locations":[{"start":{"line":23,"column":6},"end":{"line":24,"column":null}}]},"4":{"loc":{"start":{"line":23,"column":10},"end":{"line":23,"column":53}},"type":"binary-expr","locations":[{"start":{"line":23,"column":10},"end":{"line":23,"column":29}},{"start":{"line":23,"column":33},"end":{"line":23,"column":53}}]},"5":{"loc":{"start":{"line":29,"column":41},"end":{"line":29,"column":64}},"type":"default-arg","locations":[{"start":{"line":29,"column":59},"end":{"line":29,"column":64}}]}},"s":{"0":2,"1":1,"2":4,"3":4,"4":2,"5":4,"6":4,"7":2,"8":2,"9":8,"10":2},"f":{"0":1,"1":4,"2":4,"3":8},"b":{"0":[2],"1":[4,3],"2":[3],"3":[2],"4":[4,3],"5":[3]}}
,"/Users/jaiveerkatariya/Developer/k8s-deploy/src/types/githubClient.ts": {"path":"/Users/jaiveerkatariya/Developer/k8s-deploy/src/types/githubClient.ts","statementMap":{"0":{"start":{"line":1,"column":0},"end":{"line":1,"column":37}},"1":{"start":{"line":2,"column":0},"end":{"line":2,"column":37}},"2":{"start":{"line":4,"column":0},"end":{"line":4,"column":43}},"3":{"start":{"line":6,"column":13},"end":{"line":6,"column":null}},"4":{"start":{"line":8,"column":21},"end":{"line":8,"column":42}},"5":{"start":{"line":9,"column":20},"end":{"line":9,"column":21}},"6":{"start":{"line":10,"column":19},"end":{"line":10,"column":64}},"7":{"start":{"line":19,"column":6},"end":{"line":19,"column":null}},"8":{"start":{"line":20,"column":6},"end":{"line":20,"column":null}},"9":{"start":{"line":25,"column":22},"end":{"line":29,"column":8}},"10":{"start":{"line":30,"column":28},"end":{"line":30,"column":54}},"11":{"start":{"line":32,"column":6},"end":{"line":32,"column":null}},"12":{"start":{"line":33,"column":6},"end":{"line":38,"column":null}},"13":{"start":{"line":14,"column":0},"end":{"line":14,"column":13}}},"fnMap":{"0":{"name":"(anonymous_7)","decl":{"start":{"line":18,"column":3},"end":{"line":18,"column":15}},"loc":{"start":{"line":18,"column":48},"end":{"line":21,"column":4}}},"1":{"name":"(anonymous_8)","decl":{"start":{"line":24,"column":16},"end":{"line":24,"column":28}},"loc":{"start":{"line":24,"column":28},"end":{"line":39,"column":null}}}},"branchMap":{"0":{"loc":{"start":{"line":28,"column":18},"end":{"line":28,"column":75}},"type":"binary-expr","locations":[{"start":{"line":28,"column":18},"end":{"line":28,"column":47}},{"start":{"line":28,"column":51},"end":{"line":28,"column":75}}]}},"s":{"0":2,"1":2,"2":2,"3":2,"4":2,"5":2,"6":2,"7":0,"8":0,"9":0,"10":0,"11":0,"12":0,"13":2},"f":{"0":0,"1":0},"b":{"0":[0,0]}}
,"/Users/jaiveerkatariya/Developer/k8s-deploy/src/types/kubectl.ts": {"path":"/Users/jaiveerkatariya/Developer/k8s-deploy/src/types/kubectl.ts","statementMap":{"0":{"start":{"line":1,"column":0},"end":{"line":1,"column":55}},"1":{"start":{"line":2,"column":0},"end":{"line":2,"column":57}},"2":{"start":{"line":3,"column":0},"end":{"line":3,"column":37}},"3":{"start":{"line":4,"column":0},"end":{"line":4,"column":48}},"4":{"start":{"line":5,"column":0},"end":{"line":5,"column":33}},"5":{"start":{"line":27,"column":6},"end":{"line":27,"column":null}},"6":{"start":{"line":28,"column":6},"end":{"line":28,"column":null}},"7":{"start":{"line":29,"column":6},"end":{"line":29,"column":null}},"8":{"start":{"line":30,"column":6},"end":{"line":30,"column":null}},"9":{"start":{"line":31,"column":6},"end":{"line":31,"column":null}},"10":{"start":{"line":38,"column":6},"end":{"line":52,"column":null}},"11":{"start":{"line":39,"column":9},"end":{"line":40,"column":null}},"12":{"start":{"line":40,"column":12},"end":{"line":40,"column":null}},"13":{"start":{"line":42,"column":37},"end":{"line":46,"column":null}},"14":{"start":{"line":47,"column":9},"end":{"line":47,"column":null}},"15":{"start":{"line":47,"column":20},"end":{"line":47,"column":null}},"16":{"start":{"line":49,"column":9},"end":{"line":49,"column":null}},"17":{"start":{"line":51,"column":9},"end":{"line":51,"column":null}},"18":{"start":{"line":60,"column":6},"end":{"line":63,"column":null}},"19":{"start":{"line":67,"column":21},"end":{"line":67,"column":72}},"20":{"start":{"line":69,"column":26},"end":{"line":69,"column":28}},"21":{"start":{"line":70,"column":6},"end":{"line":80,"column":null}},"22":{"start":{"line":71,"column":24},"end":{"line":71,"column":49}},"23":{"start":{"line":72,"column":9},"end":{"line":79,"column":null}},"24":{"start":{"line":73,"column":34},"end":{"line":73,"column":49}},"25":{"start":{"line":74,"column":12},"end":{"line":78,"column":null}},"26":{"start":{"line":75,"column":15},"end":{"line":78,"column":null}},"27":{"start":{"line":82,"column":6},"end":{"line":82,"column":null}},"28":{"start":{"line":90,"column":19},"end":{"line":96,"column":null}},"29":{"start":{"line":97,"column":6},"end":{"line":97,"column":null}},"30":{"start":{"line":104,"column":19},"end":{"line":110,"column":null}},"31":{"start":{"line":111,"column":6},"end":{"line":111,"column":null}},"32":{"start":{"line":118,"column":19},"end":{"line":124,"column":null}},"33":{"start":{"line":125,"column":6},"end":{"line":125,"column":null}},"34":{"start":{"line":129,"column":6},"end":{"line":129,"column":null}},"35":{"start":{"line":136,"column":6},"end":{"line":140,"column":null}},"36":{"start":{"line":147,"column":6},"end":{"line":152,"column":null}},"37":{"start":{"line":156,"column":6},"end":{"line":156,"column":null}},"38":{"start":{"line":156,"column":20},"end":{"line":156,"column":null}},"39":{"start":{"line":157,"column":6},"end":{"line":157,"column":null}},"40":{"start":{"line":161,"column":6},"end":{"line":161,"column":null}},"41":{"start":{"line":161,"column":36},"end":{"line":161,"column":null}},"42":{"start":{"line":162,"column":6},"end":{"line":162,"column":null}},"43":{"start":{"line":166,"column":6},"end":{"line":168,"column":null}},"44":{"start":{"line":167,"column":9},"end":{"line":167,"column":null}},"45":{"start":{"line":169,"column":6},"end":{"line":171,"column":null}},"46":{"start":{"line":170,"column":9},"end":{"line":170,"column":null}},"47":{"start":{"line":172,"column":6},"end":{"line":172,"column":null}},"48":{"start":{"line":173,"column":6},"end":{"line":173,"column":null}},"49":{"start":{"line":12,"column":0},"end":{"line":12,"column":13}},"50":{"start":{"line":178,"column":19},"end":{"line":178,"column":51}},"51":{"start":{"line":179,"column":23},"end":{"line":181,"column":39}},"52":{"start":{"line":182,"column":3},"end":{"line":185,"column":null}},"53":{"start":{"line":183,"column":6},"end":{"line":185,"column":null}},"54":{"start":{"line":187,"column":3},"end":{"line":187,"column":null}},"55":{"start":{"line":177,"column":0},"end":{"line":177,"column":22}}},"fnMap":{"0":{"name":"(anonymous_7)","decl":{"start":{"line":20,"column":3},"end":{"line":20,"column":null}},"loc":{"start":{"line":25,"column":23},"end":{"line":32,"column":4}}},"1":{"name":"(anonymous_8)","decl":{"start":{"line":34,"column":16},"end":{"line":34,"column":21}},"loc":{"start":{"line":36,"column":28},"end":{"line":53,"column":null}}},"2":{"name":"(anonymous_10)","decl":{"start":{"line":55,"column":16},"end":{"line":55,"column":24}},"loc":{"start":{"line":58,"column":29},"end":{"line":64,"column":null}}},"3":{"name":"(anonymous_12)","decl":{"start":{"line":66,"column":16},"end":{"line":66,"column":32}},"loc":{"start":{"line":66,"column":51},"end":{"line":83,"column":null}}},"4":{"name":"(anonymous_14)","decl":{"start":{"line":72,"column":24},"end":{"line":72,"column":25}},"loc":{"start":{"line":72,"column":41},"end":{"line":79,"column":10}}},"5":{"name":"(anonymous_15)","decl":{"start":{"line":85,"column":16},"end":{"line":85,"column":24}},"loc":{"start":{"line":88,"column":24},"end":{"line":98,"column":null}}},"6":{"name":"(anonymous_17)","decl":{"start":{"line":100,"column":16},"end":{"line":100,"column":29}},"loc":{"start":{"line":102,"column":24},"end":{"line":112,"column":null}}},"7":{"name":"(anonymous_19)","decl":{"start":{"line":114,"column":16},"end":{"line":114,"column":26}},"loc":{"start":{"line":116,"column":22},"end":{"line":126,"column":null}}},"8":{"name":"(anonymous_21)","decl":{"start":{"line":128,"column":16},"end":{"line":128,"column":26}},"loc":{"start":{"line":128,"column":26},"end":{"line":130,"column":null}}},"9":{"name":"(anonymous_23)","decl":{"start":{"line":132,"column":16},"end":{"line":132,"column":34}},"loc":{"start":{"line":134,"column":18},"end":{"line":141,"column":null}}},"10":{"name":"(anonymous_25)","decl":{"start":{"line":143,"column":16},"end":{"line":143,"column":27}},"loc":{"start":{"line":145,"column":18},"end":{"line":153,"column":null}}},"11":{"name":"(anonymous_27)","decl":{"start":{"line":155,"column":10},"end":{"line":155,"column":24}},"loc":{"start":{"line":155,"column":55},"end":{"line":158,"column":4}}},"12":{"name":"(anonymous_28)","decl":{"start":{"line":160,"column":10},"end":{"line":160,"column":16}},"loc":{"start":{"line":160,"column":40},"end":{"line":163,"column":4}}},"13":{"name":"(anonymous_29)","decl":{"start":{"line":165,"column":19},"end":{"line":165,"column":26}},"loc":{"start":{"line":165,"column":66},"end":{"line":174,"column":null}}},"14":{"name":"getKubectlPath","decl":{"start":{"line":177,"column":22},"end":{"line":177,"column":36}},"loc":{"start":{"line":177,"column":36},"end":{"line":188,"column":null}}}},"branchMap":{"0":{"loc":{"start":{"line":22,"column":6},"end":{"line":22,"column":35}},"type":"default-arg","locations":[{"start":{"line":22,"column":26},"end":{"line":22,"column":35}}]},"1":{"loc":{"start":{"line":23,"column":6},"end":{"line":23,"column":38}},"type":"default-arg","locations":[{"start":{"line":23,"column":33},"end":{"line":23,"column":38}}]},"2":{"loc":{"start":{"line":24,"column":6},"end":{"line":24,"column":32}},"type":"default-arg","locations":[{"start":{"line":24,"column":30},"end":{"line":24,"column":32}}]},"3":{"loc":{"start":{"line":25,"column":6},"end":{"line":25,"column":23}},"type":"default-arg","locations":[{"start":{"line":25,"column":21},"end":{"line":25,"column":23}}]},"4":{"loc":{"start":{"line":36,"column":6},"end":{"line":36,"column":28}},"type":"default-arg","locations":[{"start":{"line":36,"column":23},"end":{"line":36,"column":28}}]},"5":{"loc":{"start":{"line":39,"column":9},"end":{"line":40,"column":null}},"type":"if","locations":[{"start":{"line":39,"column":9},"end":{"line":40,"column":null}}]},"6":{"loc":{"start":{"line":39,"column":13},"end":{"line":39,"column":68}},"type":"binary-expr","locations":[{"start":{"line":39,"column":13},"end":{"line":39,"column":32}},{"start":{"line":39,"column":36},"end":{"line":39,"column":68}}]},"7":{"loc":{"start":{"line":39,"column":36},"end":{"line":39,"column":62}},"type":"cond-expr","locations":[{"start":{"line":39,"column":54},"end":{"line":39,"column":56}},{"start":{"line":39,"column":36},"end":{"line":39,"column":62}}]},"8":{"loc":{"start":{"line":39,"column":36},"end":{"line":39,"column":56}},"type":"binary-expr","locations":[{"start":{"line":39,"column":36},"end":{"line":39,"column":56}},{"start":{"line":39,"column":36},"end":{"line":39,"column":56}}]},"9":{"loc":{"start":{"line":47,"column":9},"end":{"line":47,"column":null}},"type":"if","locations":[{"start":{"line":47,"column":9},"end":{"line":47,"column":null}}]},"10":{"loc":{"start":{"line":58,"column":6},"end":{"line":58,"column":29}},"type":"default-arg","locations":[{"start":{"line":58,"column":24},"end":{"line":58,"column":29}}]},"11":{"loc":{"start":{"line":70,"column":6},"end":{"line":80,"column":null}},"type":"if","locations":[{"start":{"line":70,"column":6},"end":{"line":80,"column":null}}]},"12":{"loc":{"start":{"line":70,"column":10},"end":{"line":70,"column":24}},"type":"cond-expr","locations":[{"start":{"line":70,"column":16},"end":{"line":70,"column":18}},{"start":{"line":70,"column":10},"end":{"line":70,"column":24}}]},"13":{"loc":{"start":{"line":70,"column":10},"end":{"line":70,"column":18}},"type":"binary-expr","locations":[{"start":{"line":70,"column":10},"end":{"line":70,"column":18}},{"start":{"line":70,"column":10},"end":{"line":70,"column":18}}]},"14":{"loc":{"start":{"line":74,"column":12},"end":{"line":78,"column":null}},"type":"if","locations":[{"start":{"line":74,"column":12},"end":{"line":78,"column":null}}]},"15":{"loc":{"start":{"line":74,"column":16},"end":{"line":74,"column":70}},"type":"binary-expr","locations":[{"start":{"line":74,"column":16},"end":{"line":74,"column":20}},{"start":{"line":74,"column":24},"end":{"line":74,"column":70}}]},"16":{"loc":{"start":{"line":156,"column":6},"end":{"line":156,"column":null}},"type":"if","locations":[{"start":{"line":156,"column":6},"end":{"line":156,"column":null}}]},"17":{"loc":{"start":{"line":157,"column":13},"end":{"line":157,"column":75}},"type":"cond-expr","locations":[{"start":{"line":157,"column":20},"end":{"line":157,"column":49}},{"start":{"line":157,"column":52},"end":{"line":157,"column":75}}]},"18":{"loc":{"start":{"line":161,"column":6},"end":{"line":161,"column":null}},"type":"if","locations":[{"start":{"line":161,"column":6},"end":{"line":161,"column":null}}]},"19":{"loc":{"start":{"line":165,"column":43},"end":{"line":165,"column":66}},"type":"default-arg","locations":[{"start":{"line":165,"column":61},"end":{"line":165,"column":66}}]},"20":{"loc":{"start":{"line":166,"column":6},"end":{"line":168,"column":null}},"type":"if","locations":[{"start":{"line":166,"column":6},"end":{"line":168,"column":null}}]},"21":{"loc":{"start":{"line":169,"column":6},"end":{"line":171,"column":null}},"type":"if","locations":[{"start":{"line":169,"column":6},"end":{"line":171,"column":null}}]},"22":{"loc":{"start":{"line":169,"column":10},"end":{"line":169,"column":55}},"type":"binary-expr","locations":[{"start":{"line":169,"column":10},"end":{"line":169,"column":24}},{"start":{"line":169,"column":28},"end":{"line":169,"column":55}}]},"23":{"loc":{"start":{"line":179,"column":23},"end":{"line":181,"column":39}},"type":"cond-expr","locations":[{"start":{"line":180,"column":8},"end":{"line":180,"column":42}},{"start":{"line":181,"column":8},"end":{"line":181,"column":39}}]},"24":{"loc":{"start":{"line":182,"column":3},"end":{"line":185,"column":null}},"type":"if","locations":[{"start":{"line":182,"column":3},"end":{"line":185,"column":null}}]}},"s":{"0":9,"1":9,"2":9,"3":9,"4":9,"5":3,"6":3,"7":3,"8":3,"9":3,"10":3,"11":3,"12":0,"13":3,"14":3,"15":1,"16":3,"17":0,"18":3,"19":1,"20":1,"21":1,"22":1,"23":1,"24":1,"25":1,"26":1,"27":1,"28":1,"29":1,"30":2,"31":2,"32":2,"33":2,"34":1,"35":1,"36":1,"37":3,"38":0,"39":3,"40":2,"41":1,"42":1,"43":19,"44":0,"45":19,"46":18,"47":19,"48":19,"49":9,"50":4,"51":4,"52":4,"53":2,"54":2,"55":9},"f":{"0":3,"1":3,"2":3,"3":1,"4":1,"5":1,"6":2,"7":2,"8":1,"9":1,"10":1,"11":3,"12":2,"13":19,"14":4},"b":{"0":[0],"1":[3],"2":[3],"3":[3],"4":[2],"5":[0],"6":[3,3],"7":[0,3],"8":[3,3],"9":[1],"10":[1],"11":[1],"12":[0,1],"13":[1,1],"14":[1],"15":[1,1],"16":[0],"17":[1,2],"18":[1],"19":[15],"20":[0],"21":[18],"22":[19,19],"23":[1,3],"24":[2]}}
[...]
"column":9},"end":{"line":203,"column":10}},"loc":{"start":{"line":203,"column":19},"end":{"line":203,"column":65}}},"13":{"name":"updateImagePullSecrets","decl":{"start":{"line":210,"column":16},"end":{"line":210,"column":38}},"loc":{"start":{"line":213,"column":28},"end":{"line":236,"column":1}}},"14":{"name":"(anonymous_14)","decl":{"start":{"line":219,"column":6},"end":{"line":219,"column":7}},"loc":{"start":{"line":219,"column":15},"end":{"line":221,"column":7}}},"15":{"name":"updateSelectorLabels","decl":{"start":{"line":238,"column":16},"end":{"line":238,"column":36}},"loc":{"start":{"line":241,"column":20},"end":{"line":263,"column":1}}},"16":{"name":"(anonymous_16)","decl":{"start":{"line":258,"column":9},"end":{"line":258,"column":10}},"loc":{"start":{"line":258,"column":19},"end":{"line":258,"column":55}}},"17":{"name":"getResources","decl":{"start":{"line":265,"column":16},"end":{"line":265,"column":28}},"loc":{"start":{"line":267,"column":32},"end":{"line":290,"column":1}}},"18":{"name":"(anonymous_18)","decl":{"start":{"line":272,"column":21},"end":{"line":272,"column":22}},"loc":{"start":{"line":272,"column":42},"end":{"line":287,"column":4}}},"19":{"name":"(anonymous_19)","decl":{"start":{"line":274,"column":37},"end":{"line":274,"column":38}},"loc":{"start":{"line":274,"column":53},"end":{"line":286,"column":7}}},"20":{"name":"(anonymous_20)","decl":{"start":{"line":278,"column":15},"end":{"line":278,"column":16}},"loc":{"start":{"line":278,"column":25},"end":{"line":278,"column":77}}},"21":{"name":"updateImagePullSecretsInManifestFiles","decl":{"start":{"line":292,"column":9},"end":{"line":292,"column":46}},"loc":{"start":{"line":294,"column":29},"end":{"line":313,"column":1}}},"22":{"name":"(anonymous_22)","decl":{"start":{"line":299,"column":21},"end":{"line":299,"column":22}},"loc":{"start":{"line":299,"column":42},"end":{"line":310,"column":4}}},"23":{"name":"(anonymous_23)","decl":{"start":{"line":301,"column":37},"end":{"line":301,"column":38}},"loc":{"start":{"line":301,"column":58},"end":{"line":309,"column":7}}}},"branchMap":{"0":{"loc":{"start":{"line":25,"column":3},"end":{"line":27,"column":null}},"type":"if","locations":[{"start":{"line":25,"column":3},"end":{"line":27,"column":null}}]},"1":{"loc":{"start":{"line":25,"column":7},"end":{"line":25,"column":32}},"type":"cond-expr","locations":[{"start":{"line":25,"column":24},"end":{"line":25,"column":26}},{"start":{"line":25,"column":7},"end":{"line":25,"column":32}}]},"2":{"loc":{"start":{"line":25,"column":7},"end":{"line":25,"column":26}},"type":"binary-expr","locations":[{"start":{"line":25,"column":7},"end":{"line":25,"column":26}},{"start":{"line":25,"column":7},"end":{"line":25,"column":26}}]},"3":{"loc":{"start":{"line":45,"column":3},"end":{"line":47,"column":null}},"type":"if","locations":[{"start":{"line":45,"column":3},"end":{"line":47,"column":null}}]},"4":{"loc":{"start":{"line":50,"column":3},"end":{"line":64,"column":null}},"type":"if","locations":[{"start":{"line":50,"column":3},"end":{"line":64,"column":null}}]},"5":{"loc":{"start":{"line":53,"column":6},"end":{"line":59,"column":null}},"type":"if","locations":[{"start":{"line":53,"column":6},"end":{"line":59,"column":null}}]},"6":{"loc":{"start":{"line":61,"column":6},"end":{"line":63,"column":null}},"type":"if","locations":[{"start":{"line":61,"column":6},"end":{"line":63,"column":null}}]},"7":{"loc":{"start":{"line":71,"column":3},"end":{"line":71,"column":null}},"type":"if","locations":[{"start":{"line":71,"column":3},"end":{"line":71,"column":null}}]},"8":{"loc":{"start":{"line":71,"column":7},"end":{"line":71,"column":24}},"type":"cond-expr","locations":[{"start":{"line":71,"column":16},"end":{"line":71,"column":18}},{"start":{"line":71,"column":7},"end":{"line":71,"column":24}}]},"9":{"loc":{"start":{"line":71,"column":7},"end":{"line":71,"column":18}},"type":"binary-expr","locations":[{"start":{"line":71,"column":7},"end":{"line":71,"column":18}},{"start":{"line":71,"column":7},"end":{"line":71,"column":18}}]},"10":{"loc":{"start":{"line":81,"column":9},"end":{"line":83,"column":null}},"type":"if","locations":[{"start":{"line":81,"column":9},"end":{"line":83,"column":null}}]},"11":{"loc":{"start":{"line":85,"column":9},"end":{"line":90,"column":null}},"type":"if","locations":[{"start":{"line":85,"column":9},"end":{"line":90,"column":null}}]},"12":{"loc":{"start":{"line":119,"column":3},"end":{"line":119,"column":null}},"type":"if","locations":[{"start":{"line":119,"column":3},"end":{"line":119,"column":null}}]},"13":{"loc":{"start":{"line":123,"column":6},"end":{"line":137,"column":null}},"type":"if","locations":[{"start":{"line":123,"column":6},"end":{"line":137,"column":null}}]},"14":{"loc":{"start":{"line":130,"column":9},"end":{"line":132,"column":null}},"type":"if","locations":[{"start":{"line":130,"column":9},"end":{"line":132,"column":null}}]},"15":{"loc":{"start":{"line":130,"column":13},"end":{"line":130,"column":46}},"type":"cond-expr","locations":[{"start":{"line":130,"column":29},"end":{"line":130,"column":31}},{"start":{"line":130,"column":13},"end":{"line":130,"column":46}}]},"16":{"loc":{"start":{"line":130,"column":13},"end":{"line":130,"column":31}},"type":"binary-expr","locations":[{"start":{"line":130,"column":13},"end":{"line":130,"column":31}},{"start":{"line":130,"column":13},"end":{"line":130,"column":31}}]},"17":{"loc":{"start":{"line":134,"column":9},"end":{"line":136,"column":null}},"type":"if","locations":[{"start":{"line":134,"column":9},"end":{"line":136,"column":null}}]},"18":{"loc":{"start":{"line":144,"column":3},"end":{"line":144,"column":null}},"type":"if","locations":[{"start":{"line":144,"column":3},"end":{"line":144,"column":null}}]},"19":{"loc":{"start":{"line":146,"column":3},"end":{"line":148,"column":null}},"type":"if","locations":[{"start":{"line":146,"column":3},"end":{"line":148,"column":null}}]},"20":{"loc":{"start":{"line":151,"column":3},"end":{"line":155,"column":null}},"type":"if","locations":[{"start":{"line":151,"column":3},"end":{"line":155,"column":null}}]},"21":{"loc":{"start":{"line":152,"column":6},"end":{"line":153,"column":72}},"type":"binary-expr","locations":[{"start":{"line":152,"column":6},"end":{"line":152,"column":65}},{"start":{"line":153,"column":6},"end":{"line":153,"column":72}}]},"22":{"loc":{"start":{"line":163,"column":3},"end":{"line":163,"column":28}},"type":"default-arg","locations":[{"start":{"line":163,"column":23},"end":{"line":163,"column":28}}]},"23":{"loc":{"start":{"line":165,"column":3},"end":{"line":165,"column":null}},"type":"if","locations":[{"start":{"line":165,"column":3},"end":{"line":165,"column":null}}]},"24":{"loc":{"start":{"line":167,"column":3},"end":{"line":167,"column":null}},"type":"if","locations":[{"start":{"line":167,"column":3},"end":{"line":167,"column":null}}]},"25":{"loc":{"start":{"line":169,"column":3},"end":{"line":169,"column":25}},"type":"if","locations":[{"start":{"line":169,"column":3},"end":{"line":169,"column":25}}]},"26":{"loc":{"start":{"line":171,"column":3},"end":{"line":182,"column":null}},"type":"if","locations":[{"start":{"line":171,"column":3},"end":{"line":182,"column":null}},{"start":{"line":173,"column":10},"end":{"line":182,"column":null}}]},"27":{"loc":{"start":{"line":175,"column":9},"end":{"line":175,"column":65}},"type":"binary-expr","locations":[{"start":{"line":175,"column":9},"end":{"line":175,"column":36}},{"start":{"line":175,"column":40},"end":{"line":175,"column":65}}]},"28":{"loc":{"start":{"line":188,"column":3},"end":{"line":188,"column":28}},"type":"default-arg","locations":[{"start":{"line":188,"column":23},"end":{"line":188,"column":28}}]},"29":{"loc":{"start":{"line":190,"column":3},"end":{"line":190,"column":null}},"type":"if","locations":[{"start":{"line":190,"column":3},"end":{"line":190,"column":null}}]},"30":{"loc":{"start":{"line":192,"column":3},"end":{"line":192,"column":null}},"type":"if","locations":[{"start":{"line":192,"column":3},"end":{"line":192,"column":null}}]},"31":{"loc":{"start":{"line":194,"column":3},"end":{"line":194,"column":30}},"type":"if","locations":[{"start":{"line":194,"column":3},"end":{"line":194,"column":30}}]},"32":{"loc":{"start":{"line":196,"column":3},"end":{"line":207,"column":null}},"type":"if","locations":[{"start":{"line":196,"column":3},"end":{"line":207,"column":null}},{"start":{"line":198,"column":10},"end":{"line":207,"column":null}}]},"33":{"loc":{"start":{"line":200,"column":9},"end":{"line":200,"column":70}},"type":"binary-expr","locations":[{"start":{"line":200,"column":9},"end":{"line":200,"column":41}},{"start":{"line":200,"column":45},"end":{"line":200,"column":70}}]},"34":{"loc":{"start":{"line":213,"column":3},"end":{"line":213,"column":28}},"type":"default-arg","locations":[{"start":{"line":213,"column":23},"end":{"line":213,"column":28}}]},"35":{"loc":{"start":{"line":215,"column":3},"end":{"line":215,"column":57}},"type":"if","locations":[{"start":{"line":215,"column":3},"end":{"line":215,"column":57}}]},"36":{"loc":{"start":{"line":215,"column":7},"end":{"line":215,"column":49}},"type":"binary-expr","locations":[{"start":{"line":215,"column":7},"end":{"line":215,"column":29}},{"start":{"line":215,"column":29},"end":{"line":215,"column":49}}]},"37":{"loc":{"start":{"line":215,"column":8},"end":{"line":215,"column":25}},"type":"cond-expr","locations":[{"start":{"line":215,"column":19},"end":{"line":215,"column":21}},{"start":{"line":215,"column":8},"end":{"line":215,"column":25}}]},"38":{"loc":{"start":{"line":215,"column":8},"end":{"line":215,"column":21}},"type":"binary-expr","locations":[{"start":{"line":215,"column":8},"end":{"line":215,"column":21}},{"start":{"line":215,"column":8},"end":{"line":215,"column":21}}]},"39":{"loc":{"start":{"line":225,"column":3},"end":{"line":233,"column":null}},"type":"if","locations":[{"start":{"line":225,"column":3},"end":{"line":233,"column":null}},{"start":{"line":227,"column":10},"end":{"line":233,"column":null}}]},"40":{"loc":{"start":{"line":228,"column":39},"end":{"line":228,"column":75}},"type":"binary-expr","locations":[{"start":{"line":228,"column":39},"end":{"line":228,"column":69}},{"start":{"line":228,"column":73},"end":{"line":228,"column":75}}]},"41":{"loc":{"start":{"line":243,"column":3},"end":{"line":243,"column":null}},"type":"if","locations":[{"start":{"line":243,"column":3},"end":{"line":243,"column":null}}]},"42":{"loc":{"start":{"line":245,"column":3},"end":{"line":245,"column":null}},"type":"if","locations":[{"start":{"line":245,"column":3},"end":{"line":245,"column":null}}]},"43":{"loc":{"start":{"line":247,"column":3},"end":{"line":247,"column":25}},"type":"if","locations":[{"start":{"line":247,"column":3},"end":{"line":247,"column":25}}]},"44":{"loc":{"start":{"line":249,"column":3},"end":{"line":250,"column":12}},"type":"if","locations":[{"start":{"line":249,"column":3},"end":{"line":250,"column":12}}]},"45":{"loc":{"start":{"line":253,"column":3},"end":{"line":260,"column":null}},"type":"if","locations":[{"start":{"line":253,"column":3},"end":{"line":260,"column":null}},{"start":{"line":255,"column":10},"end":{"line":260,"column":null}}]},"46":{"loc":{"start":{"line":256,"column":23},"end":{"line":256,"column":66}},"type":"binary-expr","locations":[{"start":{"line":256,"column":23},"end":{"line":256,"column":37}},{"start":{"line":256,"column":41},"end":{"line":256,"column":66}}]},"47":{"loc":{"start":{"line":269,"column":3},"end":{"line":269,"column":null}},"type":"if","locations":[{"start":{"line":269,"column":3},"end":{"line":269,"column":null}}]},"48":{"loc":{"start":{"line":275,"column":33},"end":{"line":275,"column":56}},"type":"binary-expr","locations":[{"start":{"line":275,"column":33},"end":{"line":275,"column":50}},{"start":{"line":275,"column":54},"end":{"line":275,"column":56}}]},"49":{"loc":{"start":{"line":275,"column":33},"end":{"line":275,"column":50}},"type":"cond-expr","locations":[{"start":{"line":275,"column":44},"end":{"line":275,"column":46}},{"start":{"line":275,"column":33},"end":{"line":275,"column":50}}]},"50":{"loc":{"start":{"line":275,"column":33},"end":{"line":275,"column":46}},"type":"binary-expr","locations":[{"start":{"line":275,"column":33},"end":{"line":275,"column":46}},{"start":{"line":275,"column":33},"end":{"line":275,"column":46}}]},"51":{"loc":{"start":{"line":276,"column":9},"end":{"line":285,"column":null}},"type":"if","locations":[{"start":{"line":276,"column":9},"end":{"line":285,"column":null}}]},"52":{"loc":{"start":{"line":296,"column":3},"end":{"line":296,"column":null}},"type":"if","locations":[{"start":{"line":296,"column":3},"end":{"line":296,"column":null}}]},"53":{"loc":{"start":{"line":296,"column":7},"end":{"line":296,"column":31}},"type":"cond-expr","locations":[{"start":{"line":296,"column":23},"end":{"line":296,"column":25}},{"start":{"line":296,"column":7},"end":{"line":296,"column":31}}]},"54":{"loc":{"start":{"line":296,"column":7},"end":{"line":296,"column":25}},"type":"binary-expr","locations":[{"start":{"line":296,"column":7},"end":{"line":296,"column":25}},{"start":{"line":296,"column":7},"end":{"line":296,"column":25}}]},"55":{"loc":{"start":{"line":302,"column":9},"end":{"line":308,"column":null}},"type":"if","locations":[{"start":{"line":302,"column":9},"end":{"line":308,"column":null}}]},"56":{"loc":{"start":{"line":302,"column":13},"end":{"line":302,"column":30}},"type":"cond-expr","locations":[{"start":{"line":302,"column":24},"end":{"line":302,"column":26}},{"start":{"line":302,"column":13},"end":{"line":302,"column":30}}]},"57":{"loc":{"start":{"line":302,"column":13},"end":{"line":302,"column":26}},"type":"binary-expr","locations":[{"start":{"line":302,"column":13},"end":{"line":302,"column":26}},{"start":{"line":302,"column":13},"end":{"line":302,"column":26}}]},"58":{"loc":{"start":{"line":304,"column":12},"end":{"line":306,"column":null}},"type":"if","locations":[{"start":{"line":304,"column":12},"end":{"line":306,"column":null}}]}},"s":{"0":8,"1":8,"2":8,"3":8,"4":8,"5":8,"6":8,"7":8,"8":8,"9":0,"10":0,"11":0,"12":0,"13":0,"14":0,"15":0,"16":8,"17":1,"18":0,"19":1,"20":1,"21":1,"22":1,"23":1,"24":0,"25":8,"26":0,"27":0,"28":0,"29":0,"30":0,"31":0,"32":0,"33":0,"34":0,"35":0,"36":0,"37":0,"38":0,"39":0,"40":0,"41":0,"42":0,"43":0,"44":0,"45":0,"46":0,"47":0,"48":0,"49":0,"50":0,"51":0,"52":0,"53":8,"54":0,"55":0,"56":0,"57":0,"58":0,"59":0,"60":0,"61":0,"62":8,"63":27,"64":0,"65":27,"66":0,"67":27,"68":0,"69":27,"70":0,"71":27,"72":27,"73":27,"74":27,"75":8,"76":0,"77":0,"78":0,"79":0,"80":0,"81":0,"82":0,"83":0,"84":0,"85":0,"86":0,"87":0,"88":8,"89":0,"90":0,"91":0,"92":0,"93":0,"94":0,"95":0,"96":0,"97":0,"98":0,"99":8,"100":27,"101":0,"102":27,"103":0,"104":27,"105":0,"106":27,"107":0,"108":27,"109":27,"110":0,"111":27,"112":27,"113":27,"114":27,"115":8,"116":0,"117":0,"118":0,"119":0,"120":0,"121":0,"122":0,"123":0,"124":0,"125":0,"126":0,"127":8,"128":0,"129":0,"130":0,"131":0,"132":0,"133":0,"134":0,"135":0,"136":0,"137":0,"138":0,"139":0},"f":{"0":0,"1":0,"2":1,"3":0,"4":0,"5":0,"6":0,"7":0,"8":0,"9":27,"10":27,"11":0,"12":0,"13":0,"14":0,"15":27,"16":27,"17":0,"18":0,"19":0,"20":0,"21":0,"22":0,"23":0},"b":{"0":[0],"1":[0,0],"2":[0,0],"3":[0],"4":[1],"5":[1],"6":[0],"7":[0],"8":[0,0],"9":[0,0],"10":[0],"11":[0],"12":[0],"13":[0],"14":[0],"15":[0,0],"16":[0,0],"17":[0],"18":[0],"19":[0],"20":[0],"21":[0,0],"22":[0],"23":[0],"24":[0],"25":[0],"26":[0,27],"27":[27,18],"28":[0],"29":[0],"30":[0],"31":[0],"32":[0,0],"33":[0,0],"34":[0],"35":[0],"36":[0,0],"37":[0,0],"38":[0,0],"39":[0,0],"40":[0,0],"41":[0],"42":[0],"43":[0],"44":[0],"45":[0,27],"46":[27,4],"47":[0],"48":[0,0],"49":[0,0],"50":[0,0],"51":[0],"52":[0],"53":[0,0],"54":[0,0],"55":[0],"56":[0,0],"57":[0,0],"58":[0]}}
,"/Users/jaiveerkatariya/Developer/k8s-deploy/src/utilities/timeUtils.ts": {"path":"/Users/jaiveerkatariya/Developer/k8s-deploy/src/utilities/timeUtils.ts","statementMap":{"0":{"start":{"line":2,"column":3},"end":{"line":2,"column":null}},"1":{"start":{"line":2,"column":35},"end":{"line":2,"column":63}},"2":{"start":{"line":1,"column":0},"end":{"line":1,"column":16}},"3":{"start":{"line":6,"column":3},"end":{"line":6,"column":null}},"4":{"start":{"line":5,"column":0},"end":{"line":5,"column":16}}},"fnMap":{"0":{"name":"sleep","decl":{"start":{"line":1,"column":16},"end":{"line":1,"column":21}},"loc":{"start":{"line":1,"column":37},"end":{"line":3,"column":1}}},"1":{"name":"(anonymous_1)","decl":{"start":{"line":2,"column":22},"end":{"line":2,"column":23}},"loc":{"start":{"line":2,"column":35},"end":{"line":2,"column":63}}},"2":{"name":"getCurrentTime","decl":{"start":{"line":5,"column":16},"end":{"line":5,"column":30}},"loc":{"start":{"line":5,"column":30},"end":{"line":7,"column":1}}}},"branchMap":{},"s":{"0":3,"1":3,"2":9,"3":21,"4":9},"f":{"0":3,"1":3,"2":21},"b":{}}
,"/Users/jaiveerkatariya/Developer/k8s-deploy/src/utilities/trafficSplitUtils.ts": {"path":"/Users/jaiveerkatariya/Developer/k8s-deploy/src/utilities/trafficSplitUtils.ts","statementMap":{"0":{"start":{"line":3,"column":37},"end":{"line":3,"column":56}},"1":{"start":{"line":8,"column":18},"end":{"line":8,"column":62}},"2":{"start":{"line":9,"column":34},"end":{"line":11,"column":74}},"3":{"start":{"line":11,"column":25},"end":{"line":11,"column":73}},"4":{"start":{"line":13,"column":3},"end":{"line":15,"column":null}},"5":{"start":{"line":14,"column":6},"end":{"line":14,"column":null}},"6":{"start":{"line":17,"column":3},"end":{"line":17,"column":null}},"7":{"start":{"line":5,"column":0},"end":{"line":5,"column":22}}},"fnMap":{"0":{"name":"getTrafficSplitAPIVersion","decl":{"start":{"line":5,"column":22},"end":{"line":5,"column":47}},"loc":{"start":{"line":6,"column":19},"end":{"line":18,"column":null}}},"1":{"name":"(anonymous_9)","decl":{"start":{"line":11,"column":12},"end":{"line":11,"column":13}},"loc":{"start":{"line":11,"column":25},"end":{"line":11,"column":73}}}},"branchMap":{"0":{"loc":{"start":{"line":13,"column":3},"end":{"line":15,"column":null}},"type":"if","locations":[{"start":{"line":13,"column":3},"end":{"line":15,"column":null}}]}},"s":{"0":5,"1":0,"2":0,"3":0,"4":0,"5":0,"6":0,"7":5},"f":{"0":0,"1":0},"b":{"0":[0]}}
,"/Users/jaiveerkatariya/Developer/k8s-deploy/src/utilities/workflowAnnotationUtils.ts": {"path":"/Users/jaiveerkatariya/Developer/k8s-deploy/src/utilities/workflowAnnotationUtils.ts","statementMap":{"0":{"start":{"line":3,"column":26},"end":{"line":3,"column":46}},"1":{"start":{"line":10,"column":28},"end":{"line":26,"column":null}},"2":{"start":{"line":27,"column":3},"end":{"line":27,"column":null}},"3":{"start":{"line":5,"column":0},"end":{"line":5,"column":16}},"4":{"start":{"line":31,"column":3},"end":{"line":31,"column":null}},"5":{"start":{"line":30,"column":0},"end":{"line":30,"column":16}},"6":{"start":{"line":40,"column":31},"end":{"line":40,"column":69}},"7":{"start":{"line":41,"column":17},"end":{"line":41,"column":59}},"8":{"start":{"line":42,"column":3},"end":{"line":42,"column":null}},"9":{"start":{"line":39,"column":0},"end":{"line":39,"column":16}}},"fnMap":{"0":{"name":"getWorkflowAnnotations","decl":{"start":{"line":5,"column":16},"end":{"line":5,"column":38}},"loc":{"start":{"line":8,"column":37},"end":{"line":28,"column":1}}},"1":{"name":"getWorkflowAnnotationKeyLabel","decl":{"start":{"line":30,"column":16},"end":{"line":30,"column":45}},"loc":{"start":{"line":30,"column":45},"end":{"line":32,"column":1}}},"2":{"name":"cleanLabel","decl":{"start":{"line":39,"column":16},"end":{"line":39,"column":26}},"loc":{"start":{"line":39,"column":40},"end":{"line":43,"column":1}}}},"branchMap":{"0":{"loc":{"start":{"line":42,"column":10},"end":{"line":42,"column":50}},"type":"binary-expr","locations":[{"start":{"line":42,"column":10},"end":{"line":42,"column":44}},{"start":{"line":42,"column":48},"end":{"line":42,"column":50}}]}},"s":{"0":1,"1":0,"2":0,"3":1,"4":0,"5":1,"6":4,"7":4,"8":4,"9":1},"f":{"0":0,"1":0,"2":4},"b":{"0":[4,0]}}
}
