TN:
SF:src/inputUtils.ts
FN:8,getBufferTime
FNF:1
FNH:1
FNDA:3,getBufferTime
DA:1,5
DA:2,5
DA:4,5
DA:8,5
DA:9,3
DA:12,3
DA:13,0
DA:15,3
LF:8
LH:7
BRDA:10,0,0,3
BRDA:10,0,1,3
BRDA:12,1,0,0
BRDA:12,2,0,3
BRDA:12,2,1,3
BRF:5
BRH:4
end_of_record
TN:
SF:src/strategyHelpers/blueGreen/blueGreenHelper.ts
FN:33,deleteGreenObjects
FN:38,(anonymous_9)
FN:51,deleteObjects
FN:67,getManifestObjects
FN:75,(anonymous_13)
FN:77,(anonymous_14)
FN:113,isServiceRouted
FN:121,(anonymous_16)
FN:132,deployWithLabel
FN:137,(anonymous_19)
FN:146,getNewBlueGreenObject
FN:165,addBlueGreenLabelsAndAnnotations
FN:183,getBlueGreenResourceName
FN:187,getDeploymentMatchLabels
FN:199,getServiceSelector
FN:205,isServiceSelectorSubsetOfMatchLabel
FN:212,(anonymous_26)
FN:216,(anonymous_27)
FN:221,(anonymous_28)
FN:232,fetchResource
FN:256,deployObjects
FNF:21
FNH:21
FNDA:4,deleteGreenObjects
FNDA:6,(anonymous_9)
FNDA:6,deleteObjects
FNDA:45,getManifestObjects
FNDA:45,(anonymous_13)
FNDA:134,(anonymous_14)
FNDA:47,isServiceRouted
FNDA:46,(anonymous_16)
FNDA:8,deployWithLabel
FNDA:11,(anonymous_19)
FNDA:19,getNewBlueGreenObject
FNDA:27,addBlueGreenLabelsAndAnnotations
FNDA:105,getBlueGreenResourceName
FNDA:48,getDeploymentMatchLabels
FNDA:47,getServiceSelector
FNDA:46,isServiceSelectorSubsetOfMatchLabel
FNDA:92,(anonymous_26)
FNDA:92,(anonymous_27)
FNDA:92,(anonymous_28)
FNDA:4,fetchResource
FNDA:22,deployObjects
DA:1,8
DA:2,8
DA:3,8
DA:8,8
DA:18,8
DA:19,8
DA:20,8
DA:21,8
DA:27,8
DA:28,8
DA:29,8
DA:30,8
DA:31,8
DA:33,8
DA:38,4
DA:39,6
DA:45,4
DA:47,4
DA:48,4
DA:51,8
DA:56,6
DA:57,12
DA:58,12
DA:59,12
DA:61,12
DA:67,8
DA:68,45
DA:69,45
DA:70,45
DA:71,45
DA:72,45
DA:73,45
DA:75,45
DA:76,45
DA:77,45
DA:78,134
DA:79,134
DA:80,134
DA:82,134
DA:83,44
DA:84,90
DA:85,45
DA:86,44
DA:87,44
DA:92,1
DA:94,45
DA:95,44
DA:97,1
DA:103,45
DA:113,8
DA:117,47
DA:119,47
DA:123,46
DA:124,46
DA:132,8
DA:137,11
DA:139,8
DA:142,8
DA:143,8
DA:146,8
DA:150,19
DA:153,19
DA:154,12
DA:161,19
DA:162,19
DA:165,8
DA:170,27
DA:171,27
DA:174,27
DA:175,27
DA:178,27
DA:179,13
DA:183,8
DA:184,105
DA:187,8
DA:188,48
DA:193,1
DA:194,47
DA:195,47
DA:199,8
DA:200,47
DA:201,47
DA:205,8
DA:209,46
DA:210,46
DA:212,46
DA:213,92
DA:216,46
DA:217,92
DA:220,46
DA:221,46
DA:222,92
DA:226,1
DA:229,46
DA:232,8
DA:237,4
DA:238,4
DA:239,3
DA:242,1
DA:243,1
DA:245,1
DA:246,1
DA:247,1
DA:249,0
DA:256,8
DA:260,22
DA:261,22
DA:263,22
LF:108
LH:107
BRDA:78,0,0,134
BRDA:82,1,0,44
BRDA:82,1,1,90
BRDA:84,2,0,45
BRDA:84,2,1,45
BRDA:85,3,0,44
BRDA:85,3,1,1
BRDA:94,4,0,44
BRDA:94,4,1,1
BRDA:120,5,0,47
BRDA:120,5,1,47
BRDA:125,6,0,46
BRDA:125,6,1,46
BRDA:153,7,0,12
BRDA:178,8,0,13
BRDA:188,9,0,1
BRDA:188,9,1,47
BRDA:189,10,0,48
BRDA:189,10,1,1
BRDA:189,11,0,0
BRDA:189,11,1,48
BRDA:189,12,0,48
BRDA:189,12,1,48
BRDA:189,13,0,0
BRDA:189,13,1,48
BRDA:189,14,0,48
BRDA:189,14,1,48
BRDA:190,15,0,0
BRDA:190,15,1,1
BRDA:190,16,0,1
BRDA:190,16,1,1
BRDA:191,17,0,0
BRDA:191,17,1,1
BRDA:191,18,0,1
BRDA:191,18,1,1
BRDA:194,19,0,47
BRDA:194,20,0,0
BRDA:194,20,1,47
BRDA:194,21,0,47
BRDA:194,21,1,47
BRDA:194,22,0,0
BRDA:194,22,1,47
BRDA:194,23,0,47
BRDA:194,23,1,47
BRDA:194,24,0,0
BRDA:194,24,1,47
BRDA:194,25,0,47
BRDA:194,25,1,47
BRDA:200,26,0,47
BRDA:200,27,0,0
BRDA:200,27,1,47
BRDA:200,28,0,47
BRDA:200,28,1,47
BRDA:200,29,0,0
BRDA:200,29,1,47
BRDA:200,30,0,47
BRDA:200,30,1,47
BRDA:222,31,0,1
BRDA:223,32,0,92
BRDA:223,32,1,46
BRDA:224,33,0,46
BRDA:224,33,1,46
BRDA:238,34,0,3
BRDA:238,35,0,4
BRDA:238,35,1,2
BRDA:242,36,0,1
BRF:66
BRH:57
end_of_record
TN:
SF:src/strategyHelpers/blueGreen/deploy.ts
FN:21,deployBlueGreen
FN:26,(anonymous_9)
FN:26,(anonymous_10)
FN:44,deployBlueGreenSMI
FN:76,deployBlueGreenIngress
FN:112,deployBlueGreenService
FNF:6
FNH:6
FNDA:3,deployBlueGreen
FNDA:3,(anonymous_9)
FNDA:3,(anonymous_10)
FNDA:1,deployBlueGreenSMI
FNDA:2,deployBlueGreenIngress
FNDA:1,deployBlueGreenService
DA:1,1
DA:9,1
DA:11,1
DA:17,1
DA:19,1
DA:21,1
DA:26,3
DA:27,3
DA:29,1
DA:31,1
DA:33,1
DA:37,3
DA:38,3
DA:39,3
DA:41,3
DA:44,1
DA:49,1
DA:52,1
DA:59,1
DA:62,1
DA:65,1
DA:70,1
DA:76,1
DA:81,2
DA:84,2
DA:88,2
DA:94,2
DA:99,2
DA:101,2
DA:106,2
DA:112,1
DA:116,1
DA:119,1
DA:126,1
DA:132,1
DA:134,1
LF:36
LH:36
BRDA:27,0,0,1
BRDA:27,0,1,1
BRDA:27,0,2,1
BRF:3
BRH:3
end_of_record
TN:
SF:src/strategyHelpers/blueGreen/ingressBlueGreenHelper.ts
FN:13,getUpdatedBlueGreenIngress
FN:29,updateIngressBackendBetaV1
FN:33,(anonymous_9)
FN:48,updateIngressBackend
FN:52,(anonymous_11)
FN:65,isIngressRouted
FN:71,(anonymous_13)
FN:86,validateIngresses
FNF:8
FNH:8
FNDA:4,getUpdatedBlueGreenIngress
FNDA:1,updateIngressBackendBetaV1
FNDA:24,(anonymous_9)
FNDA:3,updateIngressBackend
FNDA:63,(anonymous_11)
FNDA:13,isIngressRouted
FNDA:243,(anonymous_13)
FNDA:6,validateIngresses
DA:1,5
DA:3,5
DA:11,5
DA:13,5
DA:18,4
DA:20,4
DA:23,4
DA:24,1
DA:26,3
DA:29,5
DA:33,1
DA:34,24
DA:35,2
DA:36,2
DA:38,1
DA:42,24
DA:45,1
DA:48,5
DA:52,3
DA:53,63
DA:57,3
DA:59,63
DA:62,3
DA:65,5
DA:69,13
DA:71,13
DA:72,243
DA:77,243
DA:80,243
DA:83,13
DA:86,5
DA:91,6
DA:92,6
DA:94,6
DA:95,6
DA:97,6
DA:104,6
DA:107,6
DA:108,4
DA:113,4
DA:116,6
DA:119,6
LF:42
LH:42
BRDA:23,0,0,1
BRDA:34,1,0,2
BRDA:36,2,0,1
BRDA:53,3,0,3
BRDA:54,4,0,63
BRDA:54,4,1,3
BRDA:73,5,0,243
BRDA:73,5,1,149
BRDA:73,5,2,11
BRDA:73,5,3,11
BRDA:78,6,0,243
BRDA:78,6,1,139
BRDA:78,6,2,1
BRDA:95,7,0,6
BRDA:104,8,0,6
BRDA:104,8,1,5
BRDA:105,9,0,1
BRDA:105,9,1,4
BRDA:105,10,0,5
BRDA:105,10,1,5
BRDA:105,11,0,0
BRDA:105,11,1,5
BRDA:105,12,0,5
BRDA:105,12,1,5
BRDA:107,13,0,4
BRDA:116,14,0,6
BRDA:116,14,1,6
BRF:27
BRH:26
end_of_record
TN:
SF:src/strategyHelpers/blueGreen/promote.ts
FN:12,promoteBlueGreenIngress
FN:42,promoteBlueGreenService
FN:61,promoteBlueGreenSMI
FNF:3
FNH:3
FNDA:2,promoteBlueGreenIngress
FNDA:2,promoteBlueGreenService
FNDA:2,promoteBlueGreenSMI
DA:6,1
DA:8,1
DA:9,1
DA:10,1
DA:12,1
DA:17,2
DA:22,2
DA:23,1
DA:29,1
DA:39,1
DA:42,1
DA:47,2
DA:50,1
DA:54,1
DA:61,1
DA:66,2
DA:72,1
DA:76,1
LF:18
LH:18
BRDA:22,0,0,1
BRDA:47,1,0,1
BRDA:66,2,0,1
BRF:3
BRH:3
end_of_record
TN:
SF:src/strategyHelpers/blueGreen/reject.ts
FN:13,rejectBlueGreenIngress
FN:37,rejectBlueGreenService
FN:57,rejectBlueGreenSMI
FNF:3
FNH:3
FNDA:1,rejectBlueGreenIngress
FNDA:1,rejectBlueGreenService
FNDA:1,rejectBlueGreenSMI
DA:8,1
DA:9,1
DA:10,1
DA:11,1
DA:13,1
DA:19,1
DA:26,1
DA:34,1
DA:37,1
DA:42,1
DA:49,1
DA:54,1
DA:57,1
DA:62,1
DA:69,1
DA:75,1
DA:80,1
LF:17
LH:17
BRF:0
BRH:0
end_of_record
TN:
SF:src/strategyHelpers/blueGreen/route.ts
FN:25,routeBlueGreenForDeploy
FN:67,routeBlueGreenIngress
FN:73,(anonymous_11)
FN:92,routeBlueGreenIngressUnchanged
FN:97,(anonymous_14)
FN:105,routeBlueGreenService
FN:110,(anonymous_17)
FN:120,routeBlueGreenSMI
FN:128,(anonymous_20)
FN:128,(anonymous_21)
FNF:10
FNH:10
FNDA:3,routeBlueGreenForDeploy
FNDA:2,routeBlueGreenIngress
FNDA:3,(anonymous_11)
FNDA:1,routeBlueGreenIngressUnchanged
FNDA:1,(anonymous_14)
FNDA:3,routeBlueGreenService
FNDA:3,(anonymous_17)
FNDA:2,routeBlueGreenSMI
FNDA:2,(anonymous_20)
FNDA:2,(anonymous_21)
DA:1,3
DA:2,3
DA:8,3
DA:14,3
DA:18,3
DA:19,3
DA:21,3
DA:23,3
DA:25,3
DA:31,3
DA:32,3
DA:33,3
DA:36,3
DA:37,3
DA:38,3
DA:43,3
DA:46,3
DA:47,1
DA:52,2
DA:53,1
DA:59,1
DA:67,3
DA:73,2
DA:74,3
DA:75,2
DA:80,2
DA:82,1
DA:83,1
DA:87,2
DA:89,2
DA:92,3
DA:97,1
DA:98,1
DA:101,1
DA:102,1
DA:105,3
DA:110,3
DA:115,3
DA:117,3
DA:120,3
DA:127,2
DA:128,2
DA:129,2
DA:135,2
DA:139,2
DA:141,2
LF:46
LH:46
BRDA:46,0,0,1
BRDA:46,0,1,2
BRDA:52,1,0,1
BRDA:52,1,1,1
BRDA:74,2,0,2
BRDA:74,2,1,1
BRF:6
BRH:6
end_of_record
TN:
SF:src/strategyHelpers/blueGreen/serviceBlueGreenHelper.ts
FN:12,getUpdatedBlueGreenService
FN:23,validateServicesState
FN:47,getServiceSpecLabel
FNF:3
FNH:3
FNDA:4,getUpdatedBlueGreenService
FNDA:2,validateServicesState
FNDA:3,getServiceSpecLabel
DA:4,5
DA:12,5
DA:16,4
DA:19,4
DA:20,4
DA:23,5
DA:27,2
DA:29,2
DA:31,2
DA:38,2
DA:41,2
DA:44,2
DA:47,5
DA:48,3
LF:14
LH:14
BRDA:38,0,0,2
BRDA:38,0,1,2
BRDA:41,1,0,2
BRDA:41,1,1,2
BRF:4
BRH:4
end_of_record
TN:
SF:src/strategyHelpers/blueGreen/smiBlueGreenHelper.ts
FN:29,setupSMI
FN:36,(anonymous_9)
FN:73,createTrafficSplitObject
FN:119,getStableSMIServiceResource
FN:129,getGreenSMIServiceResource
FN:134,validateTrafficSplitsState
FN:156,(anonymous_16)
FN:174,cleanupSMI
FN:180,(anonymous_19)
FNF:9
FNH:9
FNDA:2,setupSMI
FNDA:2,(anonymous_9)
FNDA:6,createTrafficSplitObject
FNDA:3,getStableSMIServiceResource
FNDA:3,getGreenSMIServiceResource
FNDA:4,validateTrafficSplitsState
FNDA:6,(anonymous_16)
FNDA:2,cleanupSMI
FNDA:2,(anonymous_19)
DA:1,5
DA:3,5
DA:4,5
DA:22,5
DA:24,5
DA:25,5
DA:26,5
DA:27,5
DA:29,5
DA:33,2
DA:34,2
DA:36,2
DA:38,2
DA:40,2
DA:41,2
DA:42,2
DA:43,2
DA:46,2
DA:48,2
DA:49,2
DA:54,2
DA:57,2
DA:60,2
DA:65,2
DA:71,5
DA:73,5
DA:79,6
DA:80,6
DA:85,6
DA:89,6
DA:91,6
DA:93,6
DA:116,6
DA:119,5
DA:120,3
DA:122,3
DA:126,3
DA:129,5
DA:130,3
DA:131,3
DA:134,5
DA:138,4
DA:140,4
DA:141,4
DA:142,4
DA:147,4
DA:150,4
DA:151,1
DA:152,1
DA:153,1
DA:156,3
DA:158,6
DA:159,3
DA:163,6
DA:166,3
DA:171,4
DA:174,5
DA:178,2
DA:180,2
DA:181,2
DA:189,2
DA:197,2
DA:207,2
DA:209,2
LF:64
LH:64
BRDA:79,0,0,6
BRDA:89,1,0,2
BRDA:89,1,1,4
BRDA:91,2,0,2
BRDA:91,2,1,4
BRDA:150,3,0,1
BRDA:158,4,0,3
BRDA:160,5,0,3
BRDA:160,5,1,2
BRDA:163,6,0,3
BRDA:167,7,0,3
BRDA:167,7,1,3
BRF:12
BRH:12
end_of_record
TN:
SF:src/types/action.ts
FN:1,(anonymous_0)
FN:12,(anonymous_1)
FN:15,(anonymous_2)
FNF:3
FNH:3
FNDA:1,(anonymous_0)
FNDA:6,(anonymous_1)
FNDA:18,(anonymous_2)
DA:1,1
DA:2,1
DA:3,1
DA:4,1
DA:12,1
DA:13,6
DA:15,18
LF:7
LH:7
BRDA:1,0,0,1
BRDA:1,0,1,1
BRF:2
BRH:2
end_of_record
TN:
SF:src/types/annotations.ts
FN:1,parseAnnotations
FNF:1
FNH:1
FNDA:5,parseAnnotations
DA:1,5
DA:2,5
DA:3,5
DA:5,0
DA:6,0
LF:5
LH:3
BRDA:2,0,0,5
BRDA:2,0,1,0
BRF:2
BRH:1
end_of_record
TN:
SF:src/types/deploymentStrategy.ts
FN:1,(anonymous_0)
FN:12,(anonymous_1)
FN:17,(anonymous_2)
FNF:3
FNH:3
FNDA:1,(anonymous_0)
FNDA:4,(anonymous_1)
FNDA:12,(anonymous_2)
DA:1,1
DA:2,1
DA:3,1
DA:4,1
DA:12,1
DA:15,4
DA:18,12
LF:7
LH:7
BRDA:1,0,0,1
BRDA:1,0,1,1
BRF:2
BRH:2
end_of_record
TN:
SF:src/types/docker.ts
FN:6,(anonymous_7)
FN:10,(anonymous_8)
FN:17,(anonymous_10)
FN:29,(anonymous_12)
FNF:4
FNH:4
FNDA:1,(anonymous_7)
FNDA:4,(anonymous_8)
FNDA:4,(anonymous_10)
FNDA:8,(anonymous_12)
DA:1,2
DA:3,2
DA:7,1
DA:11,4
DA:12,4
DA:13,2
DA:22,4
DA:23,4
DA:24,2
DA:26,2
DA:30,8
LF:11
LH:11
BRDA:12,0,0,2
BRDA:12,1,0,4
BRDA:12,1,1,3
BRDA:20,2,0,3
BRDA:23,3,0,2
BRDA:23,4,0,4
BRDA:23,4,1,3
BRDA:29,5,0,3
BRF:8
BRH:8
end_of_record
TN:
SF:src/types/githubClient.ts
FN:18,(anonymous_7)
FN:24,(anonymous_8)
FNF:2
FNH:0
FNDA:0,(anonymous_7)
FNDA:0,(anonymous_8)
DA:1,2
DA:2,2
DA:4,2
DA:6,2
DA:8,2
DA:9,2
DA:10,2
DA:14,2
DA:19,0
DA:20,0
DA:25,0
DA:30,0
DA:32,0
DA:33,0
LF:14
LH:8
BRDA:28,0,0,0
BRDA:28,0,1,0
BRF:2
BRH:0
end_of_record
TN:
SF:src/types/kubectl.ts
FN:20,(anonymous_7)
FN:34,(anonymous_8)
FN:55,(anonymous_10)
FN:66,(anonymous_12)
FN:72,(anonymous_14)
FN:85,(anonymous_15)
FN:100,(anonymous_17)
FN:114,(anonymous_19)
FN:128,(anonymous_21)
FN:132,(anonymous_23)
FN:143,(anonymous_25)
FN:155,(anonymous_27)
FN:160,(anonymous_28)
FN:165,(anonymous_29)
FN:177,getKubectlPath
FNF:15
FNH:15
FNDA:3,(anonymous_7)
FNDA:3,(anonymous_8)
FNDA:3,(anonymous_10)
FNDA:1,(anonymous_12)
FNDA:1,(anonymous_14)
FNDA:1,(anonymous_15)
FNDA:2,(anonymous_17)
FNDA:2,(anonymous_19)
FNDA:1,(anonymous_21)
FNDA:1,(anonymous_23)
FNDA:1,(anonymous_25)
FNDA:3,(anonymous_27)
FNDA:2,(anonymous_28)
FNDA:19,(anonymous_29)
FNDA:4,getKubectlPath
DA:1,9
DA:2,9
DA:3,9
DA:4,9
DA:5,9
DA:12,9
DA:27,3
DA:28,3
DA:29,3
DA:30,3
DA:31,3
DA:38,3
DA:39,3
DA:40,0
DA:42,3
DA:47,3
DA:49,3
DA:51,0
DA:60,3
DA:67,1
DA:69,1
DA:70,1
DA:71,1
DA:72,1
DA:73,1
DA:74,1
DA:75,1
DA:82,1
DA:90,1
DA:97,1
DA:104,2
DA:111,2
DA:118,2
DA:125,2
DA:129,1
DA:136,1
DA:147,1
DA:156,3
DA:157,3
DA:161,2
DA:162,1
DA:166,19
DA:167,0
DA:169,19
DA:170,18
DA:172,19
DA:173,19
DA:177,9
DA:178,4
DA:179,4
DA:182,4
DA:183,2
DA:187,2
LF:53
LH:50
BRDA:22,0,0,0
BRDA:23,1,0,3
BRDA:24,2,0,3
BRDA:25,3,0,3
BRDA:36,4,0,2
BRDA:39,5,0,0
BRDA:39,6,0,3
BRDA:39,6,1,3
BRDA:39,7,0,0
BRDA:39,7,1,3
BRDA:39,8,0,3
BRDA:39,8,1,3
BRDA:47,9,0,1
BRDA:58,10,0,1
BRDA:70,11,0,1
BRDA:70,12,0,0
BRDA:70,12,1,1
BRDA:70,13,0,1
BRDA:70,13,1,1
BRDA:74,14,0,1
BRDA:74,15,0,1
BRDA:74,15,1,1
BRDA:156,16,0,0
BRDA:157,17,0,1
BRDA:157,17,1,2
BRDA:161,18,0,1
BRDA:165,19,0,15
BRDA:166,20,0,0
BRDA:169,21,0,18
BRDA:169,22,0,19
BRDA:169,22,1,19
BRDA:179,23,0,1
BRDA:179,23,1,3
BRDA:182,24,0,2
BRF:34
BRH:28
end_of_record
TN:
SF:src/types/kubernetesTypes.ts
FN:46,isDeploymentEntity
FN:49,(anonymous_1)
FN:54,isWorkloadEntity
FN:58,(anonymous_3)
FN:62,isServiceEntity
FN:68,isIngressEntity
FNF:6
FNH:6
FNDA:139,isDeploymentEntity
FNDA:498,(anonymous_1)
FNDA:5,isWorkloadEntity
FNDA:4,(anonymous_3)
FNDA:168,isServiceEntity
FNDA:50,isIngressEntity
DA:1,9
DA:2,9
DA:3,9
DA:4,9
DA:5,9
DA:6,9
DA:7,9
DA:8,9
DA:11,9
DA:12,9
DA:13,9
DA:16,9
DA:17,9
DA:18,9
DA:19,9
DA:22,9
DA:30,9
DA:40,9
DA:46,9
DA:47,139
DA:49,138
DA:50,498
DA:54,9
DA:55,5
DA:57,4
DA:58,4
DA:62,9
DA:63,168
DA:65,167
DA:68,9
DA:69,50
DA:71,49
DA:74,9
DA:75,9
DA:76,9
DA:79,9
LF:36
LH:36
BRDA:47,0,0,1
BRDA:55,1,0,1
BRDA:63,2,0,1
BRDA:69,3,0,1
BRF:4
BRH:4
end_of_record
TN:
SF:src/types/routeStrategy.ts
FN:1,(anonymous_0)
FN:7,(anonymous_1)
FN:10,(anonymous_2)
FNF:3
FNH:3
FNDA:4,(anonymous_0)
FNDA:6,(anonymous_1)
FNDA:18,(anonymous_2)
DA:1,4
DA:2,4
DA:3,4
DA:4,4
DA:7,4
DA:8,6
DA:10,18
LF:7
LH:7
BRDA:1,0,0,4
BRDA:1,0,1,4
BRF:2
BRH:2
end_of_record
TN:
SF:src/types/trafficSplitMethod.ts
FN:1,(anonymous_0)
FN:11,(anonymous_1)
FN:16,(anonymous_2)
FNF:3
FNH:3
FNDA:1,(anonymous_0)
FNDA:6,(anonymous_1)
FNDA:12,(anonymous_2)
DA:1,1
DA:2,1
DA:3,1
DA:11,1
DA:14,6
DA:17,12
LF:6
LH:6
BRDA:1,0,0,1
BRDA:1,0,1,1
BRF:2
BRH:2
end_of_record
TN:
SF:src/utilities/arrayUtils.ts
FN:1,createInlineArray
FNF:1
FNH:1
FNDA:10,createInlineArray
DA:1,10
DA:2,10
DA:3,4
DA:5,6
LF:4
LH:4
BRDA:2,0,0,4
BRF:1
BRH:1
end_of_record
TN:
SF:src/utilities/dockerUtils.ts
FN:7,getDeploymentConfig
FN:9,(anonymous_9)
FN:11,(anonymous_10)
FN:19,(anonymous_11)
FN:21,(anonymous_12)
FN:50,getDockerfilePath
FN:70,checkDockerPath
FNF:7
FNH:1
FNDA:0,getDeploymentConfig
FNDA:0,(anonymous_9)
FNDA:0,(anonymous_10)
FNDA:0,(anonymous_11)
FNDA:0,(anonymous_12)
FNDA:0,getDockerfilePath
FNDA:2,checkDockerPath
DA:1,1
DA:3,1
DA:4,1
DA:5,1
DA:7,1
DA:9,0
DA:11,0
DA:12,0
DA:16,0
DA:19,0
DA:20,0
DA:21,0
DA:22,0
DA:26,0
DA:27,0
DA:29,0
DA:30,0
DA:32,0
DA:33,0
DA:34,0
DA:36,0
DA:43,0
DA:51,0
DA:52,0
DA:53,0
DA:55,0
DA:56,0
DA:57,0
DA:59,0
DA:60,0
DA:64,0
DA:65,0
DA:67,0
DA:70,1
DA:71,2
DA:72,2
DA:73,1
LF:37
LH:9
BRDA:9,0,0,0
BRDA:9,0,1,0
BRDA:9,1,0,0
BRDA:9,1,1,0
BRDA:9,2,0,0
BRDA:9,2,1,0
BRDA:9,3,0,0
BRDA:9,3,1,0
BRDA:9,4,0,0
BRDA:9,4,1,0
BRDA:16,5,0,0
BRDA:16,5,1,0
BRDA:20,6,0,0
BRDA:20,7,0,0
BRDA:20,7,1,0
BRDA:20,8,0,0
BRDA:20,8,1,0
BRDA:26,9,0,0
BRDA:26,9,1,0
BRDA:30,10,0,0
BRDA:60,11,0,0
BRDA:61,12,0,0
BRDA:61,12,1,0
BRDA:61,13,0,0
BRDA:61,13,1,0
BRDA:61,14,0,0
BRDA:61,14,1,0
BRDA:61,15,0,0
BRDA:61,15,1,0
BRDA:61,16,0,0
BRDA:61,16,1,0
BRDA:61,17,0,0
BRDA:61,17,1,0
BRDA:61,18,0,0
BRDA:61,18,1,0
BRDA:62,19,0,0
BRDA:62,19,1,0
BRDA:62,20,0,0
BRDA:62,20,1,0
BRDA:72,21,0,1
BRF:40
BRH:1
end_of_record
TN:
SF:src/utilities/fileUtils.ts
FN:7,getTempDirectory
FN:11,writeObjectsToFile
FN:14,(anonymous_2)
FN:41,writeManifestToFile
FN:59,getManifestFileName
FN:65,getFilesFromDirectories
FN:68,(anonymous_6)
FN:71,(anonymous_7)
FN:94,recurisveManifestGetter
FN:97,(anonymous_9)
FN:114,getFileExtension
FNF:11
FNH:10
FNDA:21,getTempDirectory
FNDA:17,writeObjectsToFile
FNDA:21,(anonymous_2)
FNDA:0,writeManifestToFile
FNDA:21,getManifestFileName
FNDA:3,getFilesFromDirectories
FNDA:5,(anonymous_6)
FNDA:17,(anonymous_7)
FNDA:14,recurisveManifestGetter
FNDA:40,(anonymous_9)
FNDA:51,getFileExtension
DA:1,9
DA:2,9
DA:3,9
DA:4,9
DA:5,9
DA:7,9
DA:8,21
DA:11,9
DA:12,17
DA:14,17
DA:15,21
DA:16,21
DA:18,21
DA:19,21
DA:23,21
DA:24,21
DA:26,0
DA:32,0
DA:38,17
DA:41,9
DA:46,0
DA:47,0
DA:48,0
DA:49,0
DA:50,0
DA:52,0
DA:60,21
DA:61,21
DA:62,21
DA:65,9
DA:66,3
DA:68,3
DA:69,5
DA:70,5
DA:71,3
DA:72,17
DA:74,1
DA:78,1
DA:80,0
DA:85,1
DA:91,2
DA:95,14
DA:97,14
DA:98,40
DA:99,40
DA:100,11
DA:101,29
DA:105,17
DA:107,12
DA:111,14
DA:115,51
LF:51
LH:42
BRDA:8,0,0,21
BRDA:8,0,1,21
BRDA:18,1,0,21
BRDA:18,1,1,0
BRDA:18,2,0,0
BRDA:18,2,1,21
BRDA:18,3,0,21
BRDA:18,3,1,21
BRDA:18,4,0,0
BRDA:18,4,1,21
BRDA:18,5,0,21
BRDA:18,5,1,21
BRDA:46,6,0,0
BRDA:70,7,0,3
BRDA:70,7,1,1
BRDA:74,8,0,1
BRDA:74,8,1,0
BRDA:75,9,0,1
BRDA:75,9,1,0
BRDA:99,10,0,11
BRDA:99,10,1,29
BRDA:101,11,0,17
BRDA:101,11,1,12
BRDA:102,12,0,29
BRDA:102,12,1,21
BRF:25
BRH:19
end_of_record
TN:
SF:src/utilities/githubUtils.ts
FN:4,getWorkflowFilePath
FN:36,normalizeWorkflowStrLabel
FN:44,getNormalizedPath
FN:52,isHttpUrl
FNF:4
FNH:3
FNDA:0,getWorkflowFilePath
FNDA:4,normalizeWorkflowStrLabel
FNDA:3,getNormalizedPath
FNDA:9,isHttpUrl
DA:1,2
DA:2,2
DA:4,2
DA:7,0
DA:8,0
DA:9,0
DA:13,0
DA:14,0
DA:15,0
DA:16,0
DA:17,0
DA:18,0
DA:19,0
DA:20,0
DA:24,0
DA:25,0
DA:30,0
DA:33,0
DA:36,2
DA:37,4
DA:38,4
DA:41,4
DA:44,2
DA:45,3
DA:47,1
DA:49,2
DA:52,2
DA:53,9
LF:28
LH:13
BRDA:8,0,0,0
BRDA:14,1,0,0
BRDA:14,1,1,0
BRDA:15,2,0,0
BRDA:15,2,1,0
BRDA:15,3,0,0
BRDA:15,3,1,0
BRDA:16,4,0,0
BRDA:18,5,0,0
BRDA:24,6,0,0
BRDA:38,7,0,1
BRDA:38,7,1,3
BRDA:45,8,0,1
BRF:13
BRH:3
end_of_record
TN:
SF:src/utilities/kubectlUtils.ts
FN:5,checkForErrors
FN:10,(anonymous_8)
FN:27,getLastSuccessfulRunSha
FN:52,annotateChildPods
FN:66,(anonymous_13)
FNF:5
FNH:2
FNDA:26,checkForErrors
FNDA:34,(anonymous_8)
FNDA:0,getLastSuccessfulRunSha
FNDA:0,annotateChildPods
FNDA:0,(anonymous_13)
DA:1,9
DA:5,9
DA:9,26
DA:10,26
DA:11,34
DA:12,20
DA:13,14
DA:14,7
DA:18,26
DA:19,20
DA:20,2
DA:22,18
DA:27,9
DA:32,0
DA:33,0
DA:34,0
DA:35,0
DA:36,0
DA:37,0
DA:38,0
DA:39,0
DA:40,0
DA:43,0
DA:47,0
DA:48,0
DA:52,9
DA:59,0
DA:60,0
DA:61,0
DA:64,0
DA:65,0
DA:66,0
DA:67,0
DA:68,0
DA:69,0
DA:70,0
DA:71,0
DA:78,0
DA:85,0
LF:39
LH:14
BRDA:11,0,0,20
BRDA:11,0,1,14
BRDA:11,1,0,12
BRDA:11,1,1,22
BRDA:11,2,0,34
BRDA:11,2,1,34
BRDA:12,3,0,12
BRDA:12,3,1,8
BRDA:12,4,0,20
BRDA:12,4,1,20
BRDA:13,5,0,7
BRDA:13,6,0,0
BRDA:13,6,1,14
BRDA:13,7,0,14
BRDA:13,7,1,14
BRDA:18,8,0,20
BRDA:19,9,0,2
BRDA:19,9,1,18
BRDA:34,10,0,0
BRDA:34,10,1,0
BRDA:34,11,0,0
BRDA:34,11,1,0
BRDA:34,12,0,0
BRDA:34,12,1,0
BRDA:37,13,0,0
BRDA:37,14,0,0
BRDA:37,14,1,0
BRDA:37,15,0,0
BRDA:37,15,1,0
BRDA:39,16,0,0
BRDA:39,16,1,0
BRDA:39,17,0,0
BRDA:39,17,1,0
BRDA:60,18,0,0
BRDA:65,19,0,0
BRDA:65,20,0,0
BRDA:65,20,1,0
BRDA:65,21,0,0
BRDA:65,21,1,0
BRDA:65,22,0,0
BRDA:65,22,1,0
BRDA:65,23,0,0
BRDA:65,23,1,0
BRDA:65,24,0,0
BRDA:65,24,1,0
BRDA:67,25,0,0
BRDA:67,25,1,0
BRDA:67,26,0,0
BRDA:67,26,1,0
BRDA:67,27,0,0
BRDA:67,27,1,0
BRDA:67,28,0,0
BRDA:67,28,1,0
BRDA:68,29,0,0
BRDA:70,30,0,0
BRF:55
BRH:17
end_of_record
TN:
SF:src/utilities/manifestPullSecretUtils.ts
FN:3,getImagePullSecrets
FN:21,setImagePullSecrets
FNF:2
FNH:0
FNDA:0,getImagePullSecrets
FNDA:0,setImagePullSecrets
DA:1,8
DA:3,8
DA:4,0
DA:6,0
DA:10,0
DA:13,0
DA:14,0
DA:16,0
DA:17,0
DA:21,8
DA:25,0
DA:27,0
DA:30,0
DA:31,0
DA:34,0
DA:38,0
DA:39,0
DA:41,0
DA:44,0
DA:45,0
DA:46,0
LF:21
LH:3
BRDA:4,0,0,0
BRDA:4,1,0,0
BRDA:4,1,1,0
BRDA:4,2,0,0
BRDA:4,2,1,0
BRDA:6,3,0,0
BRDA:10,4,0,0
BRDA:10,4,1,0
BRDA:10,5,0,0
BRDA:10,5,1,0
BRDA:10,6,0,0
BRDA:10,6,1,0
BRDA:10,7,0,0
BRDA:10,7,1,0
BRDA:10,8,0,0
BRDA:10,8,1,0
BRDA:10,9,0,0
BRDA:10,9,1,0
BRDA:10,10,0,0
BRDA:10,10,1,0
BRDA:10,11,0,0
BRDA:10,11,1,0
BRDA:10,12,0,0
BRDA:10,12,1,0
BRDA:10,13,0,0
BRDA:10,13,1,0
BRDA:10,14,0,0
BRDA:10,14,1,0
BRDA:10,15,0,0
BRDA:10,15,1,0
BRDA:13,16,0,0
BRDA:16,17,0,0
BRDA:16,18,0,0
BRDA:16,18,1,0
BRDA:16,19,0,0
BRDA:16,19,1,0
BRDA:16,20,0,0
BRDA:16,20,1,0
BRDA:16,21,0,0
BRDA:16,21,1,0
BRDA:16,22,0,0
BRDA:16,22,1,0
BRDA:16,23,0,0
BRDA:16,23,1,0
BRDA:25,24,0,0
BRDA:25,25,0,0
BRDA:25,25,1,0
BRDA:25,25,2,0
BRDA:27,26,0,0
BRDA:34,27,0,0
BRDA:38,28,0,0
BRDA:38,29,0,0
BRDA:38,29,1,0
BRDA:38,30,0,0
BRDA:38,30,1,0
BRDA:38,31,0,0
BRDA:38,31,1,0
BRDA:38,32,0,0
BRDA:38,32,1,0
BRDA:38,33,0,0
BRDA:38,33,1,0
BRDA:38,34,0,0
BRDA:38,34,1,0
BRDA:38,35,0,0
BRDA:38,35,1,0
BRDA:38,36,0,0
BRDA:38,36,1,0
BRDA:38,37,0,0
BRDA:38,37,1,0
BRDA:38,38,0,0
BRDA:38,38,1,0
BRDA:44,39,0,0
BRDA:44,40,0,0
BRDA:44,40,1,0
BRDA:44,41,0,0
BRDA:44,41,1,0
BRDA:44,42,0,0
BRDA:44,42,1,0
BRDA:44,43,0,0
BRDA:44,43,1,0
BRDA:44,44,0,0
BRDA:44,44,1,0
BRDA:44,45,0,0
BRDA:44,45,1,0
BRF:84
BRH:0
end_of_record
TN:
SF:src/utilities/manifestSpecLabelUtils.ts
FN:8,updateSpecLabels
FN:25,(anonymous_1)
FN:32,getSpecLabels
FN:44,setSpecLabels
FN:60,getSpecSelectorLabels
FN:67,setSpecSelectorLabels
FNF:6
FNH:6
FNDA:13,updateSpecLabels
FNDA:13,(anonymous_1)
FNDA:13,getSpecLabels
FNDA:13,setSpecLabels
FNDA:27,getSpecSelectorLabels
FNDA:27,setSpecSelectorLabels
DA:1,8
DA:8,8
DA:13,13
DA:15,13
DA:17,13
DA:19,13
DA:20,13
DA:21,0
DA:23,13
DA:24,13
DA:25,13
DA:29,13
DA:33,13
DA:35,13
DA:36,0
DA:38,13
DA:39,9
DA:41,4
DA:45,13
DA:47,13
DA:50,0
DA:51,0
DA:54,13
DA:55,0
DA:56,0
DA:60,8
DA:61,27
DA:62,23
DA:63,9
DA:67,8
DA:68,27
DA:69,23
DA:70,14
DA:71,9
LF:34
LH:28
BRDA:13,0,0,0
BRDA:15,1,0,0
BRDA:17,2,0,0
BRDA:20,3,0,0
BRDA:20,3,1,13
BRDA:23,4,0,13
BRDA:23,4,1,4
BRDA:33,5,0,0
BRDA:35,6,0,0
BRDA:38,7,0,9
BRDA:38,8,0,4
BRDA:38,8,1,9
BRDA:38,9,0,13
BRDA:38,9,1,13
BRDA:38,10,0,0
BRDA:38,10,1,13
BRDA:38,11,0,13
BRDA:38,11,1,13
BRDA:38,12,0,0
BRDA:38,12,1,13
BRDA:38,13,0,13
BRDA:38,13,1,13
BRDA:45,14,0,0
BRDA:45,15,0,13
BRDA:45,15,1,13
BRDA:47,16,0,0
BRDA:54,17,0,0
BRDA:54,18,0,4
BRDA:54,18,1,9
BRDA:54,19,0,13
BRDA:54,19,1,13
BRDA:54,20,0,0
BRDA:54,20,1,13
BRDA:54,21,0,13
BRDA:54,21,1,13
BRDA:54,22,0,0
BRDA:54,22,1,13
BRDA:54,23,0,13
BRDA:54,23,1,13
BRDA:61,24,0,23
BRDA:61,25,0,0
BRDA:61,25,1,27
BRDA:61,26,0,27
BRDA:61,26,1,27
BRDA:61,27,0,0
BRDA:61,27,1,27
BRDA:61,28,0,27
BRDA:61,28,1,27
BRDA:62,29,0,14
BRDA:62,29,1,9
BRDA:68,30,0,23
BRDA:68,31,0,0
BRDA:68,31,1,27
BRDA:68,32,0,27
BRDA:68,32,1,27
BRDA:68,33,0,0
BRDA:68,33,1,27
BRDA:68,34,0,27
BRDA:68,34,1,27
BRDA:69,35,0,14
BRDA:69,35,1,9
BRF:61
BRH:44
end_of_record
TN:
SF:src/utilities/manifestUpdateUtils.ts
FN:24,updateManifestFiles
FN:40,(anonymous_1)
FN:44,UnsetClusterSpecificDetails
FN:67,updateContainerImagesInManifestFiles
FN:76,(anonymous_4)
FN:79,(anonymous_5)
FN:114,substituteImageNameInSpecFile
FN:121,(anonymous_7)
FN:143,getReplicaCount
FN:160,updateObjectLabels
FN:178,(anonymous_10)
FN:185,updateObjectAnnotations
FN:203,(anonymous_12)
FN:210,updateImagePullSecrets
FN:219,(anonymous_14)
FN:238,updateSelectorLabels
FN:258,(anonymous_16)
FN:265,getResources
FN:272,(anonymous_18)
FN:274,(anonymous_19)
FN:278,(anonymous_20)
FN:292,updateImagePullSecretsInManifestFiles
FN:299,(anonymous_22)
FN:301,(anonymous_23)
FNF:24
FNH:5
FNDA:0,updateManifestFiles
FNDA:0,(anonymous_1)
FNDA:1,UnsetClusterSpecificDetails
FNDA:0,updateContainerImagesInManifestFiles
FNDA:0,(anonymous_4)
FNDA:0,(anonymous_5)
FNDA:0,substituteImageNameInSpecFile
FNDA:0,(anonymous_7)
FNDA:0,getReplicaCount
FNDA:27,updateObjectLabels
FNDA:27,(anonymous_10)
FNDA:0,updateObjectAnnotations
FNDA:0,(anonymous_12)
FNDA:0,updateImagePullSecrets
FNDA:0,(anonymous_14)
FNDA:27,updateSelectorLabels
FNDA:27,(anonymous_16)
FNDA:0,getResources
FNDA:0,(anonymous_18)
FNDA:0,(anonymous_19)
FNDA:0,(anonymous_20)
FNDA:0,updateImagePullSecretsInManifestFiles
FNDA:0,(anonymous_22)
FNDA:0,(anonymous_23)
DA:1,8
DA:2,8
DA:3,8
DA:4,8
DA:5,8
DA:6,8
DA:7,8
DA:14,8
DA:18,8
DA:24,8
DA:25,0
DA:26,0
DA:30,0
DA:31,0
DA:37,0
DA:40,0
DA:41,0
DA:44,8
DA:45,1
DA:46,0
DA:50,1
DA:51,1
DA:53,1
DA:54,1
DA:61,1
DA:62,0
DA:71,0
DA:73,0
DA:76,0
DA:77,0
DA:79,0
DA:80,0
DA:81,0
DA:82,0
DA:85,0
DA:86,0
DA:94,0
DA:95,0
DA:96,0
DA:97,0
DA:100,0
DA:114,8
DA:119,0
DA:121,0
DA:122,0
DA:123,0
DA:124,0
DA:130,0
DA:131,0
DA:134,0
DA:135,0
DA:139,0
DA:143,8
DA:144,0
DA:146,0
DA:147,0
DA:150,0
DA:151,0
DA:155,0
DA:157,0
DA:160,8
DA:165,27
DA:167,27
DA:169,27
DA:171,27
DA:172,0
DA:175,27
DA:177,27
DA:178,27
DA:181,27
DA:185,8
DA:190,0
DA:192,0
DA:194,0
DA:196,0
DA:197,0
DA:200,0
DA:202,0
DA:203,0
DA:206,0
DA:210,8
DA:215,0
DA:217,0
DA:220,0
DA:223,0
DA:225,0
DA:226,0
DA:228,0
DA:230,0
DA:235,0
DA:238,8
DA:243,27
DA:245,27
DA:247,27
DA:249,27
DA:250,0
DA:252,27
DA:253,27
DA:254,0
DA:256,27
DA:257,27
DA:258,27
DA:262,27
DA:265,8
DA:269,0
DA:271,0
DA:272,0
DA:273,0
DA:274,0
DA:275,0
DA:276,0
DA:278,0
DA:281,0
DA:289,0
DA:296,0
DA:298,0
DA:299,0
DA:300,0
DA:301,0
DA:302,0
DA:303,0
DA:304,0
DA:305,0
DA:307,0
DA:312,0
LF:125
LH:42
BRDA:25,0,0,0
BRDA:25,1,0,0
BRDA:25,1,1,0
BRDA:25,2,0,0
BRDA:25,2,1,0
BRDA:45,3,0,0
BRDA:50,4,0,1
BRDA:53,5,0,1
BRDA:61,6,0,0
BRDA:71,7,0,0
BRDA:71,8,0,0
BRDA:71,8,1,0
BRDA:71,9,0,0
BRDA:71,9,1,0
BRDA:81,10,0,0
BRDA:85,11,0,0
BRDA:119,12,0,0
BRDA:123,13,0,0
BRDA:130,14,0,0
BRDA:130,15,0,0
BRDA:130,15,1,0
BRDA:130,16,0,0
BRDA:130,16,1,0
BRDA:134,17,0,0
BRDA:144,18,0,0
BRDA:146,19,0,0
BRDA:151,20,0,0
BRDA:152,21,0,0
BRDA:152,21,1,0
BRDA:163,22,0,0
BRDA:165,23,0,0
BRDA:167,24,0,0
BRDA:169,25,0,0
BRDA:171,26,0,0
BRDA:171,26,1,27
BRDA:175,27,0,27
BRDA:175,27,1,18
BRDA:188,28,0,0
BRDA:190,29,0,0
BRDA:192,30,0,0
BRDA:194,31,0,0
BRDA:196,32,0,0
BRDA:196,32,1,0
BRDA:200,33,0,0
BRDA:200,33,1,0
BRDA:213,34,0,0
BRDA:215,35,0,0
BRDA:215,36,0,0
BRDA:215,36,1,0
BRDA:215,37,0,0
BRDA:215,37,1,0
BRDA:215,38,0,0
BRDA:215,38,1,0
BRDA:225,39,0,0
BRDA:225,39,1,0
BRDA:228,40,0,0
BRDA:228,40,1,0
BRDA:243,41,0,0
BRDA:245,42,0,0
BRDA:247,43,0,0
BRDA:249,44,0,0
BRDA:253,45,0,0
BRDA:253,45,1,27
BRDA:256,46,0,27
BRDA:256,46,1,4
BRDA:269,47,0,0
BRDA:275,48,0,0
BRDA:275,48,1,0
BRDA:275,49,0,0
BRDA:275,49,1,0
BRDA:275,50,0,0
BRDA:275,50,1,0
BRDA:276,51,0,0
BRDA:296,52,0,0
BRDA:296,53,0,0
BRDA:296,53,1,0
BRDA:296,54,0,0
BRDA:296,54,1,0
BRDA:302,55,0,0
BRDA:302,56,0,0
BRDA:302,56,1,0
BRDA:302,57,0,0
BRDA:302,57,1,0
BRDA:304,58,0,0
BRF:84
BRH:8
end_of_record
TN:
SF:src/utilities/timeUtils.ts
FN:1,sleep
FN:2,(anonymous_1)
FN:5,getCurrentTime
FNF:3
FNH:3
FNDA:3,sleep
FNDA:3,(anonymous_1)
FNDA:21,getCurrentTime
DA:1,9
DA:2,3
DA:5,9
DA:6,21
LF:4
LH:4
BRF:0
BRH:0
end_of_record
TN:
SF:src/utilities/trafficSplitUtils.ts
FN:5,getTrafficSplitAPIVersion
FN:11,(anonymous_9)
FNF:2
FNH:0
FNDA:0,getTrafficSplitAPIVersion
FNDA:0,(anonymous_9)
DA:3,5
DA:5,5
DA:8,0
DA:9,0
DA:11,0
DA:13,0
DA:14,0
DA:17,0
LF:8
LH:2
BRDA:13,0,0,0
BRF:1
BRH:0
end_of_record
TN:
SF:src/utilities/workflowAnnotationUtils.ts
FN:5,getWorkflowAnnotations
FN:30,getWorkflowAnnotationKeyLabel
FN:39,cleanLabel
FNF:3
FNH:1
FNDA:0,getWorkflowAnnotations
FNDA:0,getWorkflowAnnotationKeyLabel
FNDA:4,cleanLabel
DA:3,1
DA:5,1
DA:10,0
DA:27,0
DA:30,1
DA:31,0
DA:39,1
DA:40,4
DA:41,4
DA:42,4
LF:10
LH:7
BRDA:42,0,0,4
BRDA:42,0,1,0
BRF:2
BRH:1
end_of_record
